<?xml version="1.0" encoding="UTF-8"?>
<testsuite name="com.web.project.springboot.domain.posts.PostsRepositoryTest" tests="2" skipped="0" failures="0" errors="0" timestamp="2021-09-15T15:11:36" hostname="DESKTOP-GDNTK1R" time="0.037">
  <properties/>
  <testcase name="게시글저장_불러오기" classname="com.web.project.springboot.domain.posts.PostsRepositoryTest" time="0.024"/>
  <testcase name="BaseTimeEntity_등록" classname="com.web.project.springboot.domain.posts.PostsRepositoryTest" time="0.012"/>
  <system-out><![CDATA[2021-09-16 00:11:34.741  INFO 25176 --- [    Test worker] .b.t.c.SpringBootTestContextBootstrapper : Neither @ContextConfiguration nor @ContextHierarchy found for test class [com.web.project.springboot.domain.posts.PostsRepositoryTest], using SpringBootContextLoader
2021-09-16 00:11:34.741  INFO 25176 --- [    Test worker] o.s.t.c.support.AbstractContextLoader    : Could not detect default resource locations for test class [com.web.project.springboot.domain.posts.PostsRepositoryTest]: no resource found for suffixes {-context.xml, Context.groovy}.
2021-09-16 00:11:34.741  INFO 25176 --- [    Test worker] t.c.s.AnnotationConfigContextLoaderUtils : Could not detect default configuration classes for test class [com.web.project.springboot.domain.posts.PostsRepositoryTest]: PostsRepositoryTest does not declare any static, non-private, non-final, nested classes annotated with @Configuration.
2021-09-16 00:11:34.752  INFO 25176 --- [    Test worker] .b.t.c.SpringBootTestContextBootstrapper : Found @SpringBootConfiguration com.web.project.springboot.Application for test class com.web.project.springboot.domain.posts.PostsRepositoryTest
2021-09-16 00:11:34.754  INFO 25176 --- [    Test worker] .b.t.c.SpringBootTestContextBootstrapper : Loaded default TestExecutionListener class names from location [META-INF/spring.factories]: [org.springframework.security.test.context.support.WithSecurityContextTestExecutionListener, org.springframework.security.test.context.support.ReactorContextTestExecutionListener, org.springframework.boot.test.autoconfigure.restdocs.RestDocsTestExecutionListener, org.springframework.boot.test.autoconfigure.web.client.MockRestServiceServerResetTestExecutionListener, org.springframework.boot.test.autoconfigure.web.servlet.MockMvcPrintOnlyOnFailureTestExecutionListener, org.springframework.boot.test.autoconfigure.web.servlet.WebDriverTestExecutionListener, org.springframework.boot.test.mock.mockito.MockitoTestExecutionListener, org.springframework.boot.test.mock.mockito.ResetMocksTestExecutionListener, org.springframework.test.context.web.ServletTestExecutionListener, org.springframework.test.context.support.DirtiesContextBeforeModesTestExecutionListener, org.springframework.test.context.support.DependencyInjectionTestExecutionListener, org.springframework.test.context.support.DirtiesContextTestExecutionListener, org.springframework.test.context.transaction.TransactionalTestExecutionListener, org.springframework.test.context.jdbc.SqlScriptsTestExecutionListener]
2021-09-16 00:11:34.756  INFO 25176 --- [    Test worker] .b.t.c.SpringBootTestContextBootstrapper : Using TestExecutionListeners: [org.springframework.test.context.web.ServletTestExecutionListener@529689f4, org.springframework.test.context.support.DirtiesContextBeforeModesTestExecutionListener@3a43532a, org.springframework.boot.test.mock.mockito.MockitoTestExecutionListener@7d02bf9, org.springframework.boot.test.autoconfigure.SpringBootDependencyInjectionTestExecutionListener@12973b39, org.springframework.test.context.support.DirtiesContextTestExecutionListener@7428d9b6, org.springframework.test.context.transaction.TransactionalTestExecutionListener@54521e1a, org.springframework.test.context.jdbc.SqlScriptsTestExecutionListener@525b788a, org.springframework.security.test.context.support.WithSecurityContextTestExecutionListener@793edf0b, org.springframework.security.test.context.support.ReactorContextTestExecutionListener@4b694cf3, org.springframework.boot.test.autoconfigure.restdocs.RestDocsTestExecutionListener@f0f294a, org.springframework.boot.test.autoconfigure.web.client.MockRestServiceServerResetTestExecutionListener@6998f09, org.springframework.boot.test.autoconfigure.web.servlet.MockMvcPrintOnlyOnFailureTestExecutionListener@950de56, org.springframework.boot.test.autoconfigure.web.servlet.WebDriverTestExecutionListener@85f155b, org.springframework.boot.test.mock.mockito.ResetMocksTestExecutionListener@7eec3863]

  .   ____          _            __ _ _
 /\\ / ___'_ __ _ _(_)_ __  __ _ \ \ \ \
( ( )\___ | '_ | '_| | '_ \/ _` | \ \ \ \
 \\/  ___)| |_)| | | | | || (_| |  ) ) ) )
  '  |____| .__|_| |_|_| |_\__, | / / / /
 =========|_|==============|___/=/_/_/_/
 :: Spring Boot ::        (v2.1.9.RELEASE)

2021-09-16 00:11:34.791  INFO 25176 --- [    Test worker] c.w.p.s.d.posts.PostsRepositoryTest      : Starting PostsRepositoryTest on DESKTOP-GDNTK1R with PID 25176 (started by tkznf in C:\springboot-project)
2021-09-16 00:11:34.791  INFO 25176 --- [    Test worker] c.w.p.s.d.posts.PostsRepositoryTest      : No active profile set, falling back to default profiles: default
2021-09-16 00:11:35.049  INFO 25176 --- [    Test worker] .s.d.r.c.RepositoryConfigurationDelegate : Bootstrapping Spring Data repositories in DEFAULT mode.
2021-09-16 00:11:35.082  INFO 25176 --- [    Test worker] .s.d.r.c.RepositoryConfigurationDelegate : Finished Spring Data repository scanning in 33ms. Found 2 repository interfaces.
2021-09-16 00:11:35.211  INFO 25176 --- [    Test worker] trationDelegate$BeanPostProcessorChecker : Bean 'org.springframework.transaction.annotation.ProxyTransactionManagementConfiguration' of type [org.springframework.transaction.annotation.ProxyTransactionManagementConfiguration$$EnhancerBySpringCGLIB$$45cc1a5] is not eligible for getting processed by all BeanPostProcessors (for example: not eligible for auto-proxying)
2021-09-16 00:11:35.311  INFO 25176 --- [    Test worker] com.zaxxer.hikari.HikariDataSource       : HikariPool-2 - Starting...
2021-09-16 00:11:35.312  INFO 25176 --- [    Test worker] com.zaxxer.hikari.HikariDataSource       : HikariPool-2 - Start completed.
2021-09-16 00:11:35.357  INFO 25176 --- [    Test worker] o.hibernate.jpa.internal.util.LogHelper  : HHH000204: Processing PersistenceUnitInfo [
	name: default
	...]
2021-09-16 00:11:35.369  INFO 25176 --- [    Test worker] org.hibernate.dialect.Dialect            : HHH000400: Using dialect: org.hibernate.dialect.H2Dialect
Hibernate: drop table posts if exists
Hibernate: drop table user if exists
Hibernate: create table posts (id bigint generated by default as identity, create_date timestamp, modified_date timestamp, author varchar(255), content TEXT not null, title varchar(500) not null, primary key (id))
Hibernate: create table user (id bigint generated by default as identity, create_date timestamp, modified_date timestamp, email varchar(255) not null, name varchar(255) not null, picture varchar(255), role varchar(255) not null, primary key (id))
2021-09-16 00:11:35.431  INFO 25176 --- [    Test worker] o.h.t.schema.internal.SchemaCreatorImpl  : HHH000476: Executing import script 'org.hibernate.tool.schema.internal.exec.ScriptSourceInputNonExistentImpl@4bbadbee'
2021-09-16 00:11:35.431  INFO 25176 --- [    Test worker] j.LocalContainerEntityManagerFactoryBean : Initialized JPA EntityManagerFactory for persistence unit 'default'
2021-09-16 00:11:35.501  INFO 25176 --- [    Test worker] o.h.h.i.QueryTranslatorFactoryInitiator  : HHH000397: Using ASTQueryTranslatorFactory
2021-09-16 00:11:35.872  INFO 25176 --- [    Test worker] o.s.s.web.DefaultSecurityFilterChain     : Creating filter chain: any request, [org.springframework.security.web.context.request.async.WebAsyncManagerIntegrationFilter@3ccdedc, org.springframework.security.web.context.SecurityContextPersistenceFilter@236cd57f, org.springframework.security.web.header.HeaderWriterFilter@3fc0884c, org.springframework.security.web.authentication.logout.LogoutFilter@60bfe25c, org.springframework.security.oauth2.client.web.OAuth2AuthorizationRequestRedirectFilter@504c4b3b, org.springframework.security.oauth2.client.web.OAuth2LoginAuthenticationFilter@31269064, org.springframework.security.web.authentication.ui.DefaultLoginPageGeneratingFilter@25bd0cb9, org.springframework.security.web.authentication.ui.DefaultLogoutPageGeneratingFilter@a7c5785, org.springframework.security.web.savedrequest.RequestCacheAwareFilter@3860ed8c, org.springframework.security.web.servletapi.SecurityContextHolderAwareRequestFilter@3d98024, org.springframework.security.web.authentication.AnonymousAuthenticationFilter@38dbc062, org.springframework.security.web.session.SessionManagementFilter@3a338e28, org.springframework.security.web.access.ExceptionTranslationFilter@6f0e9325, org.springframework.security.web.access.intercept.FilterSecurityInterceptor@60bd3090]
2021-09-16 00:11:36.204  INFO 25176 --- [    Test worker] o.s.s.concurrent.ThreadPoolTaskExecutor  : Initializing ExecutorService 'applicationTaskExecutor'
2021-09-16 00:11:36.220  WARN 25176 --- [    Test worker] aWebConfiguration$JpaWebMvcConfiguration : spring.jpa.open-in-view is enabled by default. Therefore, database queries may be performed during view rendering. Explicitly configure spring.jpa.open-in-view to disable this warning
2021-09-16 00:11:36.253  INFO 25176 --- [    Test worker] o.s.b.a.w.s.WelcomePageHandlerMapping    : Adding welcome page template: index
2021-09-16 00:11:36.682  INFO 25176 --- [    Test worker] s.a.ScheduledAnnotationBeanPostProcessor : No TaskScheduler/ScheduledExecutorService bean found for scheduled processing
2021-09-16 00:11:36.684  INFO 25176 --- [    Test worker] c.w.p.s.d.posts.PostsRepositoryTest      : Started PostsRepositoryTest in 1.927 seconds (JVM running for 13.521)
Hibernate: insert into posts (id, create_date, modified_date, author, content, title) values (null, ?, ?, ?, ?, ?)
Hibernate: select posts0_.id as id1_0_, posts0_.create_date as create_d2_0_, posts0_.modified_date as modified3_0_, posts0_.author as author4_0_, posts0_.content as content5_0_, posts0_.title as title6_0_ from posts posts0_
Hibernate: select posts0_.id as id1_0_, posts0_.create_date as create_d2_0_, posts0_.modified_date as modified3_0_, posts0_.author as author4_0_, posts0_.content as content5_0_, posts0_.title as title6_0_ from posts posts0_
Hibernate: delete from posts where id=?
Hibernate: insert into posts (id, create_date, modified_date, author, content, title) values (null, ?, ?, ?, ?, ?)
Hibernate: select posts0_.id as id1_0_, posts0_.create_date as create_d2_0_, posts0_.modified_date as modified3_0_, posts0_.author as author4_0_, posts0_.content as content5_0_, posts0_.title as title6_0_ from posts posts0_
>>>>>>>>> createDate=2021-09-16T00:11:36.717,ModifiedDate=2021-09-16T00:11:36.717
Hibernate: select posts0_.id as id1_0_, posts0_.create_date as create_d2_0_, posts0_.modified_date as modified3_0_, posts0_.author as author4_0_, posts0_.content as content5_0_, posts0_.title as title6_0_ from posts posts0_
Hibernate: delete from posts where id=?
]]></system-out>
  <system-err><![CDATA[]]></system-err>
</testsuite>
