<?xml version="1.0" encoding="UTF-8"?>
<testsuite name="com.web.project.springboot.domain.posts.PostsRepositoryTest" tests="2" skipped="0" failures="0" errors="0" timestamp="2021-09-14T14:53:55" hostname="DESKTOP-GDNTK1R" time="0.024">
  <properties/>
  <testcase name="게시글저장_불러오기" classname="com.web.project.springboot.domain.posts.PostsRepositoryTest" time="0.015"/>
  <testcase name="BaseTimeEntity_등록" classname="com.web.project.springboot.domain.posts.PostsRepositoryTest" time="0.008"/>
  <system-out><![CDATA[2021-09-14 23:53:54.111  INFO 22912 --- [    Test worker] .b.t.c.SpringBootTestContextBootstrapper : Neither @ContextConfiguration nor @ContextHierarchy found for test class [com.web.project.springboot.domain.posts.PostsRepositoryTest], using SpringBootContextLoader
2021-09-14 23:53:54.112  INFO 22912 --- [    Test worker] o.s.t.c.support.AbstractContextLoader    : Could not detect default resource locations for test class [com.web.project.springboot.domain.posts.PostsRepositoryTest]: no resource found for suffixes {-context.xml, Context.groovy}.
2021-09-14 23:53:54.112  INFO 22912 --- [    Test worker] t.c.s.AnnotationConfigContextLoaderUtils : Could not detect default configuration classes for test class [com.web.project.springboot.domain.posts.PostsRepositoryTest]: PostsRepositoryTest does not declare any static, non-private, non-final, nested classes annotated with @Configuration.
2021-09-14 23:53:54.125  INFO 22912 --- [    Test worker] .b.t.c.SpringBootTestContextBootstrapper : Found @SpringBootConfiguration com.web.project.springboot.Application for test class com.web.project.springboot.domain.posts.PostsRepositoryTest
2021-09-14 23:53:54.127  INFO 22912 --- [    Test worker] .b.t.c.SpringBootTestContextBootstrapper : Loaded default TestExecutionListener class names from location [META-INF/spring.factories]: [org.springframework.security.test.context.support.WithSecurityContextTestExecutionListener, org.springframework.security.test.context.support.ReactorContextTestExecutionListener, org.springframework.boot.test.autoconfigure.restdocs.RestDocsTestExecutionListener, org.springframework.boot.test.autoconfigure.web.client.MockRestServiceServerResetTestExecutionListener, org.springframework.boot.test.autoconfigure.web.servlet.MockMvcPrintOnlyOnFailureTestExecutionListener, org.springframework.boot.test.autoconfigure.web.servlet.WebDriverTestExecutionListener, org.springframework.boot.test.mock.mockito.MockitoTestExecutionListener, org.springframework.boot.test.mock.mockito.ResetMocksTestExecutionListener, org.springframework.test.context.web.ServletTestExecutionListener, org.springframework.test.context.support.DirtiesContextBeforeModesTestExecutionListener, org.springframework.test.context.support.DependencyInjectionTestExecutionListener, org.springframework.test.context.support.DirtiesContextTestExecutionListener, org.springframework.test.context.transaction.TransactionalTestExecutionListener, org.springframework.test.context.jdbc.SqlScriptsTestExecutionListener]
2021-09-14 23:53:54.128  INFO 22912 --- [    Test worker] .b.t.c.SpringBootTestContextBootstrapper : Using TestExecutionListeners: [org.springframework.test.context.web.ServletTestExecutionListener@72586825, org.springframework.test.context.support.DirtiesContextBeforeModesTestExecutionListener@58ee8b23, org.springframework.boot.test.mock.mockito.MockitoTestExecutionListener@1daca230, org.springframework.boot.test.autoconfigure.SpringBootDependencyInjectionTestExecutionListener@745c8332, org.springframework.test.context.support.DirtiesContextTestExecutionListener@4574d4dc, org.springframework.test.context.transaction.TransactionalTestExecutionListener@696ff8c2, org.springframework.test.context.jdbc.SqlScriptsTestExecutionListener@112a7afd, org.springframework.security.test.context.support.WithSecurityContextTestExecutionListener@1ff2ef9, org.springframework.security.test.context.support.ReactorContextTestExecutionListener@62ced82e, org.springframework.boot.test.autoconfigure.restdocs.RestDocsTestExecutionListener@74f1955d, org.springframework.boot.test.autoconfigure.web.client.MockRestServiceServerResetTestExecutionListener@364ee4ac, org.springframework.boot.test.autoconfigure.web.servlet.MockMvcPrintOnlyOnFailureTestExecutionListener@4ebe9c7a, org.springframework.boot.test.autoconfigure.web.servlet.WebDriverTestExecutionListener@5aa5222b, org.springframework.boot.test.mock.mockito.ResetMocksTestExecutionListener@22861f5f]

  .   ____          _            __ _ _
 /\\ / ___'_ __ _ _(_)_ __  __ _ \ \ \ \
( ( )\___ | '_ | '_| | '_ \/ _` | \ \ \ \
 \\/  ___)| |_)| | | | | || (_| |  ) ) ) )
  '  |____| .__|_| |_|_| |_\__, | / / / /
 =========|_|==============|___/=/_/_/_/
 :: Spring Boot ::        (v2.1.9.RELEASE)

2021-09-14 23:53:54.159  INFO 22912 --- [    Test worker] c.w.p.s.d.posts.PostsRepositoryTest      : Starting PostsRepositoryTest on DESKTOP-GDNTK1R with PID 22912 (started by tkznf in C:\springboot-project)
2021-09-14 23:53:54.160  INFO 22912 --- [    Test worker] c.w.p.s.d.posts.PostsRepositoryTest      : No active profile set, falling back to default profiles: default
2021-09-14 23:53:54.386  INFO 22912 --- [    Test worker] .s.d.r.c.RepositoryConfigurationDelegate : Bootstrapping Spring Data repositories in DEFAULT mode.
2021-09-14 23:53:54.417  INFO 22912 --- [    Test worker] .s.d.r.c.RepositoryConfigurationDelegate : Finished Spring Data repository scanning in 31ms. Found 2 repository interfaces.
2021-09-14 23:53:54.536  INFO 22912 --- [    Test worker] trationDelegate$BeanPostProcessorChecker : Bean 'org.springframework.transaction.annotation.ProxyTransactionManagementConfiguration' of type [org.springframework.transaction.annotation.ProxyTransactionManagementConfiguration$$EnhancerBySpringCGLIB$$bfceb99b] is not eligible for getting processed by all BeanPostProcessors (for example: not eligible for auto-proxying)
2021-09-14 23:53:54.621  INFO 22912 --- [    Test worker] com.zaxxer.hikari.HikariDataSource       : HikariPool-2 - Starting...
2021-09-14 23:53:54.623  INFO 22912 --- [    Test worker] com.zaxxer.hikari.HikariDataSource       : HikariPool-2 - Start completed.
2021-09-14 23:53:54.654  INFO 22912 --- [    Test worker] o.hibernate.jpa.internal.util.LogHelper  : HHH000204: Processing PersistenceUnitInfo [
	name: default
	...]
2021-09-14 23:53:54.669  INFO 22912 --- [    Test worker] org.hibernate.dialect.Dialect            : HHH000400: Using dialect: org.hibernate.dialect.H2Dialect
Hibernate: drop table posts if exists
Hibernate: drop table user if exists
Hibernate: create table posts (id bigint generated by default as identity, create_date timestamp, modified_date timestamp, author varchar(255), content TEXT not null, title varchar(500) not null, primary key (id))
Hibernate: create table user (id bigint generated by default as identity, create_date timestamp, modified_date timestamp, email varchar(255) not null, name varchar(255) not null, picture varchar(255), role varchar(255) not null, primary key (id))
2021-09-14 23:53:54.713  INFO 22912 --- [    Test worker] o.h.t.schema.internal.SchemaCreatorImpl  : HHH000476: Executing import script 'org.hibernate.tool.schema.internal.exec.ScriptSourceInputNonExistentImpl@7335f536'
2021-09-14 23:53:54.713  INFO 22912 --- [    Test worker] j.LocalContainerEntityManagerFactoryBean : Initialized JPA EntityManagerFactory for persistence unit 'default'
2021-09-14 23:53:54.768  INFO 22912 --- [    Test worker] o.h.h.i.QueryTranslatorFactoryInitiator  : HHH000397: Using ASTQueryTranslatorFactory
2021-09-14 23:53:55.082  INFO 22912 --- [    Test worker] o.s.s.web.DefaultSecurityFilterChain     : Creating filter chain: any request, [org.springframework.security.web.context.request.async.WebAsyncManagerIntegrationFilter@51d7e8dd, org.springframework.security.web.context.SecurityContextPersistenceFilter@5138c962, org.springframework.security.web.header.HeaderWriterFilter@54f8f198, org.springframework.security.web.authentication.logout.LogoutFilter@27b26667, org.springframework.security.oauth2.client.web.OAuth2AuthorizationRequestRedirectFilter@6fe35e8f, org.springframework.security.oauth2.client.web.OAuth2LoginAuthenticationFilter@7e50b8a0, org.springframework.security.web.authentication.ui.DefaultLoginPageGeneratingFilter@30d6cac6, org.springframework.security.web.authentication.ui.DefaultLogoutPageGeneratingFilter@2697d9d0, org.springframework.security.web.savedrequest.RequestCacheAwareFilter@5c81d5fc, org.springframework.security.web.servletapi.SecurityContextHolderAwareRequestFilter@4f668bc5, org.springframework.security.web.authentication.AnonymousAuthenticationFilter@53f5fcab, org.springframework.security.web.session.SessionManagementFilter@59f4c768, org.springframework.security.web.access.ExceptionTranslationFilter@2ae4ea0b, org.springframework.security.web.access.intercept.FilterSecurityInterceptor@651254bb]
2021-09-14 23:53:55.402  INFO 22912 --- [    Test worker] o.s.s.concurrent.ThreadPoolTaskExecutor  : Initializing ExecutorService 'applicationTaskExecutor'
2021-09-14 23:53:55.417  WARN 22912 --- [    Test worker] aWebConfiguration$JpaWebMvcConfiguration : spring.jpa.open-in-view is enabled by default. Therefore, database queries may be performed during view rendering. Explicitly configure spring.jpa.open-in-view to disable this warning
2021-09-14 23:53:55.452  INFO 22912 --- [    Test worker] o.s.b.a.w.s.WelcomePageHandlerMapping    : Adding welcome page template: index
2021-09-14 23:53:55.905  INFO 22912 --- [    Test worker] s.a.ScheduledAnnotationBeanPostProcessor : No TaskScheduler/ScheduledExecutorService bean found for scheduled processing
2021-09-14 23:53:55.906  INFO 22912 --- [    Test worker] c.w.p.s.d.posts.PostsRepositoryTest      : Started PostsRepositoryTest in 1.776 seconds (JVM running for 11.736)
Hibernate: insert into posts (id, create_date, modified_date, author, content, title) values (null, ?, ?, ?, ?, ?)
Hibernate: select posts0_.id as id1_0_, posts0_.create_date as create_d2_0_, posts0_.modified_date as modified3_0_, posts0_.author as author4_0_, posts0_.content as content5_0_, posts0_.title as title6_0_ from posts posts0_
Hibernate: select posts0_.id as id1_0_, posts0_.create_date as create_d2_0_, posts0_.modified_date as modified3_0_, posts0_.author as author4_0_, posts0_.content as content5_0_, posts0_.title as title6_0_ from posts posts0_
Hibernate: delete from posts where id=?
Hibernate: insert into posts (id, create_date, modified_date, author, content, title) values (null, ?, ?, ?, ?, ?)
Hibernate: select posts0_.id as id1_0_, posts0_.create_date as create_d2_0_, posts0_.modified_date as modified3_0_, posts0_.author as author4_0_, posts0_.content as content5_0_, posts0_.title as title6_0_ from posts posts0_
>>>>>>>>> createDate=2021-09-14T23:53:55.927,ModifiedDate=2021-09-14T23:53:55.927
Hibernate: select posts0_.id as id1_0_, posts0_.create_date as create_d2_0_, posts0_.modified_date as modified3_0_, posts0_.author as author4_0_, posts0_.content as content5_0_, posts0_.title as title6_0_ from posts posts0_
Hibernate: delete from posts where id=?
]]></system-out>
  <system-err><![CDATA[]]></system-err>
</testsuite>
