<?xml version="1.0" encoding="UTF-8"?>
<testsuite name="com.web.project.springboot.Controller.IndexControllerTest" tests="1" skipped="0" failures="0" errors="0" timestamp="2021-10-06T14:17:57" hostname="DESKTOP-GDNTK1R" time="0.228">
  <properties/>
  <testcase name="메인페이지_로딩" classname="com.web.project.springboot.Controller.IndexControllerTest" time="0.228"/>
  <system-out><![CDATA[2021-10-06 23:17:51.688  INFO 16164 --- [    Test worker] .b.t.c.SpringBootTestContextBootstrapper : Neither @ContextConfiguration nor @ContextHierarchy found for test class [com.web.project.springboot.Controller.IndexControllerTest], using SpringBootContextLoader
2021-10-06 23:17:51.689  INFO 16164 --- [    Test worker] o.s.t.c.support.AbstractContextLoader    : Could not detect default resource locations for test class [com.web.project.springboot.Controller.IndexControllerTest]: no resource found for suffixes {-context.xml, Context.groovy}.
2021-10-06 23:17:51.690  INFO 16164 --- [    Test worker] t.c.s.AnnotationConfigContextLoaderUtils : Could not detect default configuration classes for test class [com.web.project.springboot.Controller.IndexControllerTest]: IndexControllerTest does not declare any static, non-private, non-final, nested classes annotated with @Configuration.
2021-10-06 23:17:51.692  INFO 16164 --- [    Test worker] .b.t.c.SpringBootTestContextBootstrapper : Found @SpringBootConfiguration com.web.project.springboot.Application for test class com.web.project.springboot.Controller.IndexControllerTest
2021-10-06 23:17:51.693  INFO 16164 --- [    Test worker] .b.t.c.SpringBootTestContextBootstrapper : Loaded default TestExecutionListener class names from location [META-INF/spring.factories]: [org.springframework.security.test.context.support.WithSecurityContextTestExecutionListener, org.springframework.security.test.context.support.ReactorContextTestExecutionListener, org.springframework.boot.test.autoconfigure.restdocs.RestDocsTestExecutionListener, org.springframework.boot.test.autoconfigure.web.client.MockRestServiceServerResetTestExecutionListener, org.springframework.boot.test.autoconfigure.web.servlet.MockMvcPrintOnlyOnFailureTestExecutionListener, org.springframework.boot.test.autoconfigure.web.servlet.WebDriverTestExecutionListener, org.springframework.boot.test.mock.mockito.MockitoTestExecutionListener, org.springframework.boot.test.mock.mockito.ResetMocksTestExecutionListener, org.springframework.test.context.web.ServletTestExecutionListener, org.springframework.test.context.support.DirtiesContextBeforeModesTestExecutionListener, org.springframework.test.context.support.DependencyInjectionTestExecutionListener, org.springframework.test.context.support.DirtiesContextTestExecutionListener, org.springframework.test.context.transaction.TransactionalTestExecutionListener, org.springframework.test.context.jdbc.SqlScriptsTestExecutionListener]
2021-10-06 23:17:51.694  INFO 16164 --- [    Test worker] .b.t.c.SpringBootTestContextBootstrapper : Using TestExecutionListeners: [org.springframework.test.context.web.ServletTestExecutionListener@db4e843, org.springframework.test.context.support.DirtiesContextBeforeModesTestExecutionListener@5f9fca7e, org.springframework.boot.test.mock.mockito.MockitoTestExecutionListener@3cd86ae6, org.springframework.boot.test.autoconfigure.SpringBootDependencyInjectionTestExecutionListener@4a64a212, org.springframework.test.context.support.DirtiesContextTestExecutionListener@6038bded, org.springframework.test.context.transaction.TransactionalTestExecutionListener@41d547ae, org.springframework.test.context.jdbc.SqlScriptsTestExecutionListener@3ea59a28, org.springframework.security.test.context.support.WithSecurityContextTestExecutionListener@513ecbdc, org.springframework.security.test.context.support.ReactorContextTestExecutionListener@744cc3c3, org.springframework.boot.test.autoconfigure.restdocs.RestDocsTestExecutionListener@1f4f02d3, org.springframework.boot.test.autoconfigure.web.client.MockRestServiceServerResetTestExecutionListener@da9afc8, org.springframework.boot.test.autoconfigure.web.servlet.MockMvcPrintOnlyOnFailureTestExecutionListener@2a6ef58a, org.springframework.boot.test.autoconfigure.web.servlet.WebDriverTestExecutionListener@38ae79df, org.springframework.boot.test.mock.mockito.ResetMocksTestExecutionListener@5f90ad83]

  .   ____          _            __ _ _
 /\\ / ___'_ __ _ _(_)_ __  __ _ \ \ \ \
( ( )\___ | '_ | '_| | '_ \/ _` | \ \ \ \
 \\/  ___)| |_)| | | | | || (_| |  ) ) ) )
  '  |____| .__|_| |_|_| |_\__, | / / / /
 =========|_|==============|___/=/_/_/_/
 :: Spring Boot ::        (v2.1.9.RELEASE)

2021-10-06 23:17:51.736  INFO 16164 --- [    Test worker] c.w.p.s.Controller.IndexControllerTest   : Starting IndexControllerTest on DESKTOP-GDNTK1R with PID 16164 (started by tkznf in C:\springboot-project)
2021-10-06 23:17:51.736  INFO 16164 --- [    Test worker] c.w.p.s.Controller.IndexControllerTest   : No active profile set, falling back to default profiles: default
2021-10-06 23:17:52.192  INFO 16164 --- [    Test worker] .s.d.r.c.RepositoryConfigurationDelegate : Bootstrapping Spring Data repositories in DEFAULT mode.
2021-10-06 23:17:52.271  INFO 16164 --- [    Test worker] .s.d.r.c.RepositoryConfigurationDelegate : Finished Spring Data repository scanning in 72ms. Found 2 repository interfaces.
2021-10-06 23:17:52.567  INFO 16164 --- [    Test worker] trationDelegate$BeanPostProcessorChecker : Bean 'org.springframework.transaction.annotation.ProxyTransactionManagementConfiguration' of type [org.springframework.transaction.annotation.ProxyTransactionManagementConfiguration$$EnhancerBySpringCGLIB$$7403fea4] is not eligible for getting processed by all BeanPostProcessors (for example: not eligible for auto-proxying)
2021-10-06 23:17:52.977  INFO 16164 --- [    Test worker] o.s.b.w.embedded.tomcat.TomcatWebServer  : Tomcat initialized with port(s): 0 (http)
2021-10-06 23:17:53.009  INFO 16164 --- [    Test worker] o.apache.catalina.core.StandardService   : Starting service [Tomcat]
2021-10-06 23:17:53.010  INFO 16164 --- [    Test worker] org.apache.catalina.core.StandardEngine  : Starting Servlet engine: [Apache Tomcat/9.0.26]
2021-10-06 23:17:53.194  INFO 16164 --- [    Test worker] o.a.c.c.C.[Tomcat].[localhost].[/]       : Initializing Spring embedded WebApplicationContext
2021-10-06 23:17:53.194  INFO 16164 --- [    Test worker] o.s.web.context.ContextLoader            : Root WebApplicationContext: initialization completed in 1454 ms
2021-10-06 23:17:53.504  INFO 16164 --- [    Test worker] com.zaxxer.hikari.HikariDataSource       : HikariPool-1 - Starting...
2021-10-06 23:17:53.726  INFO 16164 --- [    Test worker] com.zaxxer.hikari.HikariDataSource       : HikariPool-1 - Start completed.
2021-10-06 23:17:53.851  INFO 16164 --- [    Test worker] o.hibernate.jpa.internal.util.LogHelper  : HHH000204: Processing PersistenceUnitInfo [
	name: default
	...]
2021-10-06 23:17:53.971  INFO 16164 --- [    Test worker] org.hibernate.Version                    : HHH000412: Hibernate Core {5.3.12.Final}
2021-10-06 23:17:53.975  INFO 16164 --- [    Test worker] org.hibernate.cfg.Environment            : HHH000206: hibernate.properties not found
2021-10-06 23:17:54.064  INFO 16164 --- [    Test worker] o.hibernate.annotations.common.Version   : HCANN000001: Hibernate Commons Annotations {5.0.4.Final}
2021-10-06 23:17:54.300  INFO 16164 --- [    Test worker] org.hibernate.dialect.Dialect            : HHH000400: Using dialect: org.hibernate.dialect.H2Dialect
Hibernate: drop table posts if exists
Hibernate: drop table user if exists
Hibernate: create table posts (id bigint generated by default as identity, create_date timestamp, modified_date timestamp, author varchar(255), content TEXT not null, title varchar(500) not null, primary key (id))
Hibernate: create table user (id bigint generated by default as identity, create_date timestamp, modified_date timestamp, email varchar(255) not null, name varchar(255) not null, picture varchar(255), role varchar(255) not null, primary key (id))
2021-10-06 23:17:55.326  INFO 16164 --- [    Test worker] o.h.t.schema.internal.SchemaCreatorImpl  : HHH000476: Executing import script 'org.hibernate.tool.schema.internal.exec.ScriptSourceInputNonExistentImpl@4e29be76'
2021-10-06 23:17:55.331  INFO 16164 --- [    Test worker] j.LocalContainerEntityManagerFactoryBean : Initialized JPA EntityManagerFactory for persistence unit 'default'
2021-10-06 23:17:55.854  INFO 16164 --- [    Test worker] o.h.h.i.QueryTranslatorFactoryInitiator  : HHH000397: Using ASTQueryTranslatorFactory
2021-10-06 23:17:56.535  INFO 16164 --- [    Test worker] o.s.s.web.DefaultSecurityFilterChain     : Creating filter chain: any request, [org.springframework.security.web.context.request.async.WebAsyncManagerIntegrationFilter@f5e9bb, org.springframework.security.web.context.SecurityContextPersistenceFilter@1acb8eb7, org.springframework.security.web.header.HeaderWriterFilter@4c503492, org.springframework.security.web.authentication.logout.LogoutFilter@21af30a0, org.springframework.security.oauth2.client.web.OAuth2AuthorizationRequestRedirectFilter@2aa5ec7e, org.springframework.security.oauth2.client.web.OAuth2LoginAuthenticationFilter@1bb41f63, org.springframework.security.web.authentication.ui.DefaultLoginPageGeneratingFilter@67d7b4db, org.springframework.security.web.authentication.ui.DefaultLogoutPageGeneratingFilter@4e4108d8, org.springframework.security.web.savedrequest.RequestCacheAwareFilter@3464dc86, org.springframework.security.web.servletapi.SecurityContextHolderAwareRequestFilter@79dd8a3c, org.springframework.security.web.authentication.AnonymousAuthenticationFilter@75354974, org.springframework.security.web.session.SessionManagementFilter@417bedf9, org.springframework.security.web.access.ExceptionTranslationFilter@2e000028, org.springframework.security.web.access.intercept.FilterSecurityInterceptor@6d830d7a]
2021-10-06 23:17:56.808  INFO 16164 --- [    Test worker] o.s.s.concurrent.ThreadPoolTaskExecutor  : Initializing ExecutorService 'applicationTaskExecutor'
2021-10-06 23:17:56.828  WARN 16164 --- [    Test worker] aWebConfiguration$JpaWebMvcConfiguration : spring.jpa.open-in-view is enabled by default. Therefore, database queries may be performed during view rendering. Explicitly configure spring.jpa.open-in-view to disable this warning
2021-10-06 23:17:56.860  INFO 16164 --- [    Test worker] o.s.b.a.w.s.WelcomePageHandlerMapping    : Adding welcome page template: index
2021-10-06 23:17:57.260  INFO 16164 --- [    Test worker] s.a.ScheduledAnnotationBeanPostProcessor : No TaskScheduler/ScheduledExecutorService bean found for scheduled processing
2021-10-06 23:17:57.292  INFO 16164 --- [    Test worker] o.s.b.w.embedded.tomcat.TomcatWebServer  : Tomcat started on port(s): 11303 (http) with context path ''
2021-10-06 23:17:57.293  INFO 16164 --- [    Test worker] c.w.p.s.Controller.IndexControllerTest   : Started IndexControllerTest in 5.597 seconds (JVM running for 10.368)
2021-10-06 23:17:57.388  INFO 16164 --- [o-auto-1-exec-1] o.a.c.c.C.[Tomcat].[localhost].[/]       : Initializing Spring DispatcherServlet 'dispatcherServlet'
2021-10-06 23:17:57.388  INFO 16164 --- [o-auto-1-exec-1] o.s.web.servlet.DispatcherServlet        : Initializing Servlet 'dispatcherServlet'
2021-10-06 23:17:57.416  INFO 16164 --- [o-auto-1-exec-1] o.s.web.servlet.DispatcherServlet        : Completed initialization in 28 ms
Hibernate: select posts0_.id as id1_0_, posts0_.create_date as create_d2_0_, posts0_.modified_date as modified3_0_, posts0_.author as author4_0_, posts0_.content as content5_0_, posts0_.title as title6_0_ from posts posts0_ order by posts0_.id DESC
]]></system-out>
  <system-err><![CDATA[]]></system-err>
</testsuite>
