<?xml version="1.0" encoding="UTF-8"?>
<testsuite name="com.web.project.springboot.Controller.IndexControllerTest" tests="1" skipped="0" failures="1" errors="0" timestamp="2021-09-06T14:03:55" hostname="DESKTOP-GDNTK1R" time="0.347">
  <properties/>
  <testcase name="메인페이지_로딩" classname="com.web.project.springboot.Controller.IndexControllerTest" time="0.347">
    <failure message="java.lang.AssertionError: &#13;&#10;Expecting:&#13;&#10; &lt;&quot;&lt;!DOCTYPE HTML&gt;&#13;&#10;&lt;html&gt;&#13;&#10;&lt;head&gt;&#13;&#10;    &lt;title&gt;스프링부트 웹서비스&lt;/title&gt;&#13;&#10;    &lt;meta http-equiv=&quot;Content-Type&quot; content=&quot;text/html; charset=UTF-8&quot; /&gt;&#13;&#10;&#13;&#10;    &lt;link rel=&quot;stylesheet&quot; href=&quot;https://stackpath.bootstrapcdn.com/bootstrap/4.3.1/css/bootstrap.min.css&quot;&gt;&#13;&#10;&lt;/head&gt;&#13;&#10;&lt;body&gt;&#13;&#10;&#13;&#10;&lt;h1&gt;스프링 부트로 시작하는 웹 서비스&lt;/h1&gt;&#13;&#10;&lt;div class=&quot;col-md-12&quot;&gt;&#13;&#10;    &lt;div class=&quot;row&quot;&gt;&#13;&#10;        &lt;div class=&quot;col-md-6&quot;&gt;&#13;&#10;            &lt;a href=&quot;/posts/save&quot; role=&quot;button&quot; class=&quot;btn btn-primary&quot;&gt;글 등록&lt;/a&gt;&#13;&#10;                            &lt;!--소셜로그인연동 관련버튼--&gt;&#13;&#10;                &lt;!--a href는 스프링 시큐리티에서 기본으로 제공하는 로그인 URL, 로그아웃과 더불어 별도로 Controller를 생성할필요없음--&gt;&#13;&#10;                &lt;a href=&quot;/oauth2/authorization/google&quot; class=&quot;btn btn-success active&quot; role=&quot;button&quot;&gt;Google Login&lt;/a&gt;&#13;&#10;                &lt;!--a href주소는 application-oauth.properties에서 등록한 redirect-uri 값에 맞춰 자동등록, /oauth2/authrization/ 까지는 고저, 마지막 path만 각소셜로그인코드를 사용--&gt;&#13;&#10;                &lt;a href=&quot;/oauth2/authorization/naver&quot; class=&quot;btn btn-secondary active&quot; role=&quot;button&quot;&gt;Naver Login&lt;/a&gt;&#13;&#10;&#13;&#10;        &lt;/div&gt;&#13;&#10;    &lt;/div&gt;&#13;&#10;    &lt;br&gt;&#13;&#10;    &lt;!-- 목록출력영역--&gt;&#13;&#10;    &lt;table class=&quot;table table-horizontal table-bordered&quot;&gt;&#13;&#10;        &lt;thead class=&quot;thead-strong&quot;&gt;&#13;&#10;        &lt;tr&gt;&#13;&#10;            &lt;th&gt;게시글번호&lt;/th&gt;&#13;&#10;            &lt;th&gt;제목&lt;/th&gt;&#13;&#10;            &lt;th&gt;작성자&lt;/th&gt;&#13;&#10;            &lt;th&gt;최종수정일&lt;/th&gt;&#13;&#10;        &lt;/tr&gt;&#13;&#10;        &lt;/thead&gt;&#13;&#10;        &lt;tbody id=&quot;tbody&quot;&gt;&#13;&#10;        &lt;/tbody&gt;&#13;&#10;    &lt;/table&gt;&#13;&#10;&lt;/div&gt;&#13;&#10;&#13;&#10;&lt;script src=&quot;https://code.jquery.com/jquery-3.3.1.min.js&quot;&gt;&lt;/script&gt;&#13;&#10;&lt;script src=&quot;https://stackpath.bootstrapcdn.com/bootstrap/4.3.1/js/bootstrap.min.js&quot;&gt;&lt;/script&gt;&#13;&#10;&#13;&#10;&lt;!--index.js 추가--&gt;&#13;&#10;&lt;script src=&quot;/js/app/index.js&quot;&gt;&lt;/script&gt;&#13;&#10;&lt;/body&gt;&#13;&#10;&lt;/html&gt;&quot;&gt;&#13;&#10;to contain:&#13;&#10; &lt;&quot;스프링 부트로 시작하는 웹서비스&quot;&gt; " type="java.lang.AssertionError">java.lang.AssertionError: 
Expecting:
 &lt;&quot;&lt;!DOCTYPE HTML&gt;
&lt;html&gt;
&lt;head&gt;
    &lt;title&gt;스프링부트 웹서비스&lt;/title&gt;
    &lt;meta http-equiv=&quot;Content-Type&quot; content=&quot;text/html; charset=UTF-8&quot; /&gt;

    &lt;link rel=&quot;stylesheet&quot; href=&quot;https://stackpath.bootstrapcdn.com/bootstrap/4.3.1/css/bootstrap.min.css&quot;&gt;
&lt;/head&gt;
&lt;body&gt;

&lt;h1&gt;스프링 부트로 시작하는 웹 서비스&lt;/h1&gt;
&lt;div class=&quot;col-md-12&quot;&gt;
    &lt;div class=&quot;row&quot;&gt;
        &lt;div class=&quot;col-md-6&quot;&gt;
            &lt;a href=&quot;/posts/save&quot; role=&quot;button&quot; class=&quot;btn btn-primary&quot;&gt;글 등록&lt;/a&gt;
                            &lt;!--소셜로그인연동 관련버튼--&gt;
                &lt;!--a href는 스프링 시큐리티에서 기본으로 제공하는 로그인 URL, 로그아웃과 더불어 별도로 Controller를 생성할필요없음--&gt;
                &lt;a href=&quot;/oauth2/authorization/google&quot; class=&quot;btn btn-success active&quot; role=&quot;button&quot;&gt;Google Login&lt;/a&gt;
                &lt;!--a href주소는 application-oauth.properties에서 등록한 redirect-uri 값에 맞춰 자동등록, /oauth2/authrization/ 까지는 고저, 마지막 path만 각소셜로그인코드를 사용--&gt;
                &lt;a href=&quot;/oauth2/authorization/naver&quot; class=&quot;btn btn-secondary active&quot; role=&quot;button&quot;&gt;Naver Login&lt;/a&gt;

        &lt;/div&gt;
    &lt;/div&gt;
    &lt;br&gt;
    &lt;!-- 목록출력영역--&gt;
    &lt;table class=&quot;table table-horizontal table-bordered&quot;&gt;
        &lt;thead class=&quot;thead-strong&quot;&gt;
        &lt;tr&gt;
            &lt;th&gt;게시글번호&lt;/th&gt;
            &lt;th&gt;제목&lt;/th&gt;
            &lt;th&gt;작성자&lt;/th&gt;
            &lt;th&gt;최종수정일&lt;/th&gt;
        &lt;/tr&gt;
        &lt;/thead&gt;
        &lt;tbody id=&quot;tbody&quot;&gt;
        &lt;/tbody&gt;
    &lt;/table&gt;
&lt;/div&gt;

&lt;script src=&quot;https://code.jquery.com/jquery-3.3.1.min.js&quot;&gt;&lt;/script&gt;
&lt;script src=&quot;https://stackpath.bootstrapcdn.com/bootstrap/4.3.1/js/bootstrap.min.js&quot;&gt;&lt;/script&gt;

&lt;!--index.js 추가--&gt;
&lt;script src=&quot;/js/app/index.js&quot;&gt;&lt;/script&gt;
&lt;/body&gt;
&lt;/html&gt;&quot;&gt;
to contain:
 &lt;&quot;스프링 부트로 시작하는 웹서비스&quot;&gt; 
	at com.web.project.springboot.Controller.IndexControllerTest.메인페이지_로딩(IndexControllerTest.java:26)
	at sun.reflect.NativeMethodAccessorImpl.invoke0(Native Method)
	at sun.reflect.NativeMethodAccessorImpl.invoke(NativeMethodAccessorImpl.java:62)
	at sun.reflect.DelegatingMethodAccessorImpl.invoke(DelegatingMethodAccessorImpl.java:43)
	at java.lang.reflect.Method.invoke(Method.java:498)
	at org.junit.runners.model.FrameworkMethod$1.runReflectiveCall(FrameworkMethod.java:50)
	at org.junit.internal.runners.model.ReflectiveCallable.run(ReflectiveCallable.java:12)
	at org.junit.runners.model.FrameworkMethod.invokeExplosively(FrameworkMethod.java:47)
	at org.junit.internal.runners.statements.InvokeMethod.evaluate(InvokeMethod.java:17)
	at org.springframework.test.context.junit4.statements.RunBeforeTestExecutionCallbacks.evaluate(RunBeforeTestExecutionCallbacks.java:74)
	at org.springframework.test.context.junit4.statements.RunAfterTestExecutionCallbacks.evaluate(RunAfterTestExecutionCallbacks.java:84)
	at org.springframework.test.context.junit4.statements.RunBeforeTestMethodCallbacks.evaluate(RunBeforeTestMethodCallbacks.java:75)
	at org.springframework.test.context.junit4.statements.RunAfterTestMethodCallbacks.evaluate(RunAfterTestMethodCallbacks.java:86)
	at org.springframework.test.context.junit4.statements.SpringRepeat.evaluate(SpringRepeat.java:84)
	at org.junit.runners.ParentRunner.runLeaf(ParentRunner.java:325)
	at org.springframework.test.context.junit4.SpringJUnit4ClassRunner.runChild(SpringJUnit4ClassRunner.java:251)
	at org.springframework.test.context.junit4.SpringJUnit4ClassRunner.runChild(SpringJUnit4ClassRunner.java:97)
	at org.junit.runners.ParentRunner$3.run(ParentRunner.java:290)
	at org.junit.runners.ParentRunner$1.schedule(ParentRunner.java:71)
	at org.junit.runners.ParentRunner.runChildren(ParentRunner.java:288)
	at org.junit.runners.ParentRunner.access$000(ParentRunner.java:58)
	at org.junit.runners.ParentRunner$2.evaluate(ParentRunner.java:268)
	at org.springframework.test.context.junit4.statements.RunBeforeTestClassCallbacks.evaluate(RunBeforeTestClassCallbacks.java:61)
	at org.springframework.test.context.junit4.statements.RunAfterTestClassCallbacks.evaluate(RunAfterTestClassCallbacks.java:70)
	at org.junit.runners.ParentRunner.run(ParentRunner.java:363)
	at org.springframework.test.context.junit4.SpringJUnit4ClassRunner.run(SpringJUnit4ClassRunner.java:190)
	at org.gradle.api.internal.tasks.testing.junit.JUnitTestClassExecutor.runTestClass(JUnitTestClassExecutor.java:106)
	at org.gradle.api.internal.tasks.testing.junit.JUnitTestClassExecutor.execute(JUnitTestClassExecutor.java:58)
	at org.gradle.api.internal.tasks.testing.junit.JUnitTestClassExecutor.execute(JUnitTestClassExecutor.java:38)
	at org.gradle.api.internal.tasks.testing.junit.AbstractJUnitTestClassProcessor.processTestClass(AbstractJUnitTestClassProcessor.java:66)
	at org.gradle.api.internal.tasks.testing.SuiteTestClassProcessor.processTestClass(SuiteTestClassProcessor.java:51)
	at sun.reflect.NativeMethodAccessorImpl.invoke0(Native Method)
	at sun.reflect.NativeMethodAccessorImpl.invoke(NativeMethodAccessorImpl.java:62)
	at sun.reflect.DelegatingMethodAccessorImpl.invoke(DelegatingMethodAccessorImpl.java:43)
	at java.lang.reflect.Method.invoke(Method.java:498)
	at org.gradle.internal.dispatch.ReflectionDispatch.dispatch(ReflectionDispatch.java:35)
	at org.gradle.internal.dispatch.ReflectionDispatch.dispatch(ReflectionDispatch.java:24)
	at org.gradle.internal.dispatch.ContextClassLoaderDispatch.dispatch(ContextClassLoaderDispatch.java:32)
	at org.gradle.internal.dispatch.ProxyDispatchAdapter$DispatchingInvocationHandler.invoke(ProxyDispatchAdapter.java:93)
	at com.sun.proxy.$Proxy2.processTestClass(Unknown Source)
	at org.gradle.api.internal.tasks.testing.worker.TestWorker.processTestClass(TestWorker.java:117)
	at sun.reflect.NativeMethodAccessorImpl.invoke0(Native Method)
	at sun.reflect.NativeMethodAccessorImpl.invoke(NativeMethodAccessorImpl.java:62)
	at sun.reflect.DelegatingMethodAccessorImpl.invoke(DelegatingMethodAccessorImpl.java:43)
	at java.lang.reflect.Method.invoke(Method.java:498)
	at org.gradle.internal.dispatch.ReflectionDispatch.dispatch(ReflectionDispatch.java:35)
	at org.gradle.internal.dispatch.ReflectionDispatch.dispatch(ReflectionDispatch.java:24)
	at org.gradle.internal.remote.internal.hub.MessageHubBackedObjectConnection$DispatchWrapper.dispatch(MessageHubBackedObjectConnection.java:155)
	at org.gradle.internal.remote.internal.hub.MessageHubBackedObjectConnection$DispatchWrapper.dispatch(MessageHubBackedObjectConnection.java:137)
	at org.gradle.internal.remote.internal.hub.MessageHub$Handler.run(MessageHub.java:404)
	at org.gradle.internal.concurrent.ExecutorPolicy$CatchAndRecordFailures.onExecute(ExecutorPolicy.java:63)
	at org.gradle.internal.concurrent.ManagedExecutorImpl$1.run(ManagedExecutorImpl.java:46)
	at java.util.concurrent.ThreadPoolExecutor.runWorker(ThreadPoolExecutor.java:1149)
	at java.util.concurrent.ThreadPoolExecutor$Worker.run(ThreadPoolExecutor.java:624)
	at org.gradle.internal.concurrent.ThreadFactoryImpl$ManagedThreadRunnable.run(ThreadFactoryImpl.java:55)
	at java.lang.Thread.run(Thread.java:748)
</failure>
  </testcase>
  <system-out><![CDATA[2021-09-06 23:03:49.199  INFO 23428 --- [    Test worker] .b.t.c.SpringBootTestContextBootstrapper : Neither @ContextConfiguration nor @ContextHierarchy found for test class [com.web.project.springboot.Controller.IndexControllerTest], using SpringBootContextLoader
2021-09-06 23:03:49.200  INFO 23428 --- [    Test worker] o.s.t.c.support.AbstractContextLoader    : Could not detect default resource locations for test class [com.web.project.springboot.Controller.IndexControllerTest]: no resource found for suffixes {-context.xml, Context.groovy}.
2021-09-06 23:03:49.201  INFO 23428 --- [    Test worker] t.c.s.AnnotationConfigContextLoaderUtils : Could not detect default configuration classes for test class [com.web.project.springboot.Controller.IndexControllerTest]: IndexControllerTest does not declare any static, non-private, non-final, nested classes annotated with @Configuration.
2021-09-06 23:03:49.204  INFO 23428 --- [    Test worker] .b.t.c.SpringBootTestContextBootstrapper : Found @SpringBootConfiguration com.web.project.springboot.Application for test class com.web.project.springboot.Controller.IndexControllerTest
2021-09-06 23:03:49.206  INFO 23428 --- [    Test worker] .b.t.c.SpringBootTestContextBootstrapper : Loaded default TestExecutionListener class names from location [META-INF/spring.factories]: [org.springframework.security.test.context.support.WithSecurityContextTestExecutionListener, org.springframework.security.test.context.support.ReactorContextTestExecutionListener, org.springframework.boot.test.autoconfigure.restdocs.RestDocsTestExecutionListener, org.springframework.boot.test.autoconfigure.web.client.MockRestServiceServerResetTestExecutionListener, org.springframework.boot.test.autoconfigure.web.servlet.MockMvcPrintOnlyOnFailureTestExecutionListener, org.springframework.boot.test.autoconfigure.web.servlet.WebDriverTestExecutionListener, org.springframework.boot.test.mock.mockito.MockitoTestExecutionListener, org.springframework.boot.test.mock.mockito.ResetMocksTestExecutionListener, org.springframework.test.context.web.ServletTestExecutionListener, org.springframework.test.context.support.DirtiesContextBeforeModesTestExecutionListener, org.springframework.test.context.support.DependencyInjectionTestExecutionListener, org.springframework.test.context.support.DirtiesContextTestExecutionListener, org.springframework.test.context.transaction.TransactionalTestExecutionListener, org.springframework.test.context.jdbc.SqlScriptsTestExecutionListener]
2021-09-06 23:03:49.207  INFO 23428 --- [    Test worker] .b.t.c.SpringBootTestContextBootstrapper : Using TestExecutionListeners: [org.springframework.test.context.web.ServletTestExecutionListener@20afb268, org.springframework.test.context.support.DirtiesContextBeforeModesTestExecutionListener@5b85018a, org.springframework.boot.test.mock.mockito.MockitoTestExecutionListener@7bc2f768, org.springframework.boot.test.autoconfigure.SpringBootDependencyInjectionTestExecutionListener@6bedf8fc, org.springframework.test.context.support.DirtiesContextTestExecutionListener@360c2b1b, org.springframework.test.context.transaction.TransactionalTestExecutionListener@4576f501, org.springframework.test.context.jdbc.SqlScriptsTestExecutionListener@29e32370, org.springframework.security.test.context.support.WithSecurityContextTestExecutionListener@2d4d14a8, org.springframework.security.test.context.support.ReactorContextTestExecutionListener@7a4ea6e9, org.springframework.boot.test.autoconfigure.restdocs.RestDocsTestExecutionListener@8e29a5c, org.springframework.boot.test.autoconfigure.web.client.MockRestServiceServerResetTestExecutionListener@382ad093, org.springframework.boot.test.autoconfigure.web.servlet.MockMvcPrintOnlyOnFailureTestExecutionListener@7d077b6a, org.springframework.boot.test.autoconfigure.web.servlet.WebDriverTestExecutionListener@72f1e3cd, org.springframework.boot.test.mock.mockito.ResetMocksTestExecutionListener@6e5db7b5]

  .   ____          _            __ _ _
 /\\ / ___'_ __ _ _(_)_ __  __ _ \ \ \ \
( ( )\___ | '_ | '_| | '_ \/ _` | \ \ \ \
 \\/  ___)| |_)| | | | | || (_| |  ) ) ) )
  '  |____| .__|_| |_|_| |_\__, | / / / /
 =========|_|==============|___/=/_/_/_/
 :: Spring Boot ::        (v2.1.9.RELEASE)

2021-09-06 23:03:49.248  INFO 23428 --- [    Test worker] c.w.p.s.Controller.IndexControllerTest   : Starting IndexControllerTest on DESKTOP-GDNTK1R with PID 23428 (started by tkznf in C:\springboot-project)
2021-09-06 23:03:49.249  INFO 23428 --- [    Test worker] c.w.p.s.Controller.IndexControllerTest   : No active profile set, falling back to default profiles: default
2021-09-06 23:03:49.742  INFO 23428 --- [    Test worker] .s.d.r.c.RepositoryConfigurationDelegate : Bootstrapping Spring Data repositories in DEFAULT mode.
2021-09-06 23:03:49.830  INFO 23428 --- [    Test worker] .s.d.r.c.RepositoryConfigurationDelegate : Finished Spring Data repository scanning in 79ms. Found 2 repository interfaces.
2021-09-06 23:03:50.145  INFO 23428 --- [    Test worker] trationDelegate$BeanPostProcessorChecker : Bean 'org.springframework.transaction.annotation.ProxyTransactionManagementConfiguration' of type [org.springframework.transaction.annotation.ProxyTransactionManagementConfiguration$$EnhancerBySpringCGLIB$$86be9164] is not eligible for getting processed by all BeanPostProcessors (for example: not eligible for auto-proxying)
2021-09-06 23:03:50.568  INFO 23428 --- [    Test worker] o.s.b.w.embedded.tomcat.TomcatWebServer  : Tomcat initialized with port(s): 0 (http)
2021-09-06 23:03:50.602  INFO 23428 --- [    Test worker] o.apache.catalina.core.StandardService   : Starting service [Tomcat]
2021-09-06 23:03:50.603  INFO 23428 --- [    Test worker] org.apache.catalina.core.StandardEngine  : Starting Servlet engine: [Apache Tomcat/9.0.26]
2021-09-06 23:03:50.777  INFO 23428 --- [    Test worker] o.a.c.c.C.[Tomcat].[localhost].[/]       : Initializing Spring embedded WebApplicationContext
2021-09-06 23:03:50.777  INFO 23428 --- [    Test worker] o.s.web.context.ContextLoader            : Root WebApplicationContext: initialization completed in 1526 ms
2021-09-06 23:03:51.135  INFO 23428 --- [    Test worker] com.zaxxer.hikari.HikariDataSource       : HikariPool-1 - Starting...
2021-09-06 23:03:51.371  INFO 23428 --- [    Test worker] com.zaxxer.hikari.HikariDataSource       : HikariPool-1 - Start completed.
2021-09-06 23:03:51.507  INFO 23428 --- [    Test worker] o.hibernate.jpa.internal.util.LogHelper  : HHH000204: Processing PersistenceUnitInfo [
	name: default
	...]
2021-09-06 23:03:51.624  INFO 23428 --- [    Test worker] org.hibernate.Version                    : HHH000412: Hibernate Core {5.3.12.Final}
2021-09-06 23:03:51.627  INFO 23428 --- [    Test worker] org.hibernate.cfg.Environment            : HHH000206: hibernate.properties not found
2021-09-06 23:03:51.718  INFO 23428 --- [    Test worker] o.hibernate.annotations.common.Version   : HCANN000001: Hibernate Commons Annotations {5.0.4.Final}
2021-09-06 23:03:51.985  INFO 23428 --- [    Test worker] org.hibernate.dialect.Dialect            : HHH000400: Using dialect: org.hibernate.dialect.H2Dialect
Hibernate: drop table posts if exists
Hibernate: drop table user if exists
Hibernate: create table posts (id bigint generated by default as identity, create_date timestamp, modified_date timestamp, author varchar(255), content TEXT not null, title varchar(500) not null, primary key (id))
Hibernate: create table user (id bigint generated by default as identity, create_date timestamp, modified_date timestamp, email varchar(255) not null, name varchar(255) not null, picture varchar(255), role varchar(255) not null, primary key (id))
2021-09-06 23:03:53.016  INFO 23428 --- [    Test worker] o.h.t.schema.internal.SchemaCreatorImpl  : HHH000476: Executing import script 'org.hibernate.tool.schema.internal.exec.ScriptSourceInputNonExistentImpl@307caa98'
2021-09-06 23:03:53.020  INFO 23428 --- [    Test worker] j.LocalContainerEntityManagerFactoryBean : Initialized JPA EntityManagerFactory for persistence unit 'default'
2021-09-06 23:03:53.566  INFO 23428 --- [    Test worker] o.h.h.i.QueryTranslatorFactoryInitiator  : HHH000397: Using ASTQueryTranslatorFactory
2021-09-06 23:03:54.257  INFO 23428 --- [    Test worker] o.s.s.web.DefaultSecurityFilterChain     : Creating filter chain: any request, [org.springframework.security.web.context.request.async.WebAsyncManagerIntegrationFilter@34a58b0f, org.springframework.security.web.context.SecurityContextPersistenceFilter@1b9c20a6, org.springframework.security.web.header.HeaderWriterFilter@1a27458d, org.springframework.security.web.authentication.logout.LogoutFilter@7e592762, org.springframework.security.oauth2.client.web.OAuth2AuthorizationRequestRedirectFilter@3786076f, org.springframework.security.oauth2.client.web.OAuth2LoginAuthenticationFilter@6558e42d, org.springframework.security.web.authentication.ui.DefaultLoginPageGeneratingFilter@4baae43, org.springframework.security.web.authentication.ui.DefaultLogoutPageGeneratingFilter@24986d37, org.springframework.security.web.savedrequest.RequestCacheAwareFilter@db2624e, org.springframework.security.web.servletapi.SecurityContextHolderAwareRequestFilter@2d995558, org.springframework.security.web.authentication.AnonymousAuthenticationFilter@6c38c05, org.springframework.security.web.session.SessionManagementFilter@49ac04cc, org.springframework.security.web.access.ExceptionTranslationFilter@29f7f9f2, org.springframework.security.web.access.intercept.FilterSecurityInterceptor@6a15e503]
2021-09-06 23:03:54.545  INFO 23428 --- [    Test worker] o.s.s.concurrent.ThreadPoolTaskExecutor  : Initializing ExecutorService 'applicationTaskExecutor'
2021-09-06 23:03:54.580  WARN 23428 --- [    Test worker] aWebConfiguration$JpaWebMvcConfiguration : spring.jpa.open-in-view is enabled by default. Therefore, database queries may be performed during view rendering. Explicitly configure spring.jpa.open-in-view to disable this warning
2021-09-06 23:03:54.615  INFO 23428 --- [    Test worker] o.s.b.a.w.s.WelcomePageHandlerMapping    : Adding welcome page template: index
2021-09-06 23:03:55.017  INFO 23428 --- [    Test worker] s.a.ScheduledAnnotationBeanPostProcessor : No TaskScheduler/ScheduledExecutorService bean found for scheduled processing
2021-09-06 23:03:55.044  INFO 23428 --- [    Test worker] o.s.b.w.embedded.tomcat.TomcatWebServer  : Tomcat started on port(s): 10184 (http) with context path ''
2021-09-06 23:03:55.045  INFO 23428 --- [    Test worker] c.w.p.s.Controller.IndexControllerTest   : Started IndexControllerTest in 5.835 seconds (JVM running for 10.56)
2021-09-06 23:03:55.166  INFO 23428 --- [o-auto-1-exec-1] o.a.c.c.C.[Tomcat].[localhost].[/]       : Initializing Spring DispatcherServlet 'dispatcherServlet'
2021-09-06 23:03:55.166  INFO 23428 --- [o-auto-1-exec-1] o.s.web.servlet.DispatcherServlet        : Initializing Servlet 'dispatcherServlet'
2021-09-06 23:03:55.199  INFO 23428 --- [o-auto-1-exec-1] o.s.web.servlet.DispatcherServlet        : Completed initialization in 33 ms
Hibernate: select posts0_.id as id1_0_, posts0_.create_date as create_d2_0_, posts0_.modified_date as modified3_0_, posts0_.author as author4_0_, posts0_.content as content5_0_, posts0_.title as title6_0_ from posts posts0_ order by posts0_.id DESC
]]></system-out>
  <system-err><![CDATA[]]></system-err>
</testsuite>
