<?xml version="1.0" encoding="UTF-8"?>
<testsuite name="com.web.project.springboot.Controller.PostsApiControllerTest" tests="2" skipped="0" failures="0" errors="0" timestamp="2021-10-06T14:17:57" hostname="DESKTOP-GDNTK1R" time="0.223">
  <properties/>
  <testcase name="Posts_등록된다" classname="com.web.project.springboot.Controller.PostsApiControllerTest" time="0.198"/>
  <testcase name="Posts_수정된다" classname="com.web.project.springboot.Controller.PostsApiControllerTest" time="0.024"/>
  <system-out><![CDATA[2021-10-06 23:17:57.531  INFO 16164 --- [    Test worker] .b.t.c.SpringBootTestContextBootstrapper : Neither @ContextConfiguration nor @ContextHierarchy found for test class [com.web.project.springboot.Controller.PostsApiControllerTest], using SpringBootContextLoader
2021-10-06 23:17:57.532  INFO 16164 --- [    Test worker] o.s.t.c.support.AbstractContextLoader    : Could not detect default resource locations for test class [com.web.project.springboot.Controller.PostsApiControllerTest]: no resource found for suffixes {-context.xml, Context.groovy}.
2021-10-06 23:17:57.532  INFO 16164 --- [    Test worker] t.c.s.AnnotationConfigContextLoaderUtils : Could not detect default configuration classes for test class [com.web.project.springboot.Controller.PostsApiControllerTest]: PostsApiControllerTest does not declare any static, non-private, non-final, nested classes annotated with @Configuration.
2021-10-06 23:17:57.534  INFO 16164 --- [    Test worker] .b.t.c.SpringBootTestContextBootstrapper : Found @SpringBootConfiguration com.web.project.springboot.Application for test class com.web.project.springboot.Controller.PostsApiControllerTest
2021-10-06 23:17:57.535  INFO 16164 --- [    Test worker] .b.t.c.SpringBootTestContextBootstrapper : Loaded default TestExecutionListener class names from location [META-INF/spring.factories]: [org.springframework.security.test.context.support.WithSecurityContextTestExecutionListener, org.springframework.security.test.context.support.ReactorContextTestExecutionListener, org.springframework.boot.test.autoconfigure.restdocs.RestDocsTestExecutionListener, org.springframework.boot.test.autoconfigure.web.client.MockRestServiceServerResetTestExecutionListener, org.springframework.boot.test.autoconfigure.web.servlet.MockMvcPrintOnlyOnFailureTestExecutionListener, org.springframework.boot.test.autoconfigure.web.servlet.WebDriverTestExecutionListener, org.springframework.boot.test.mock.mockito.MockitoTestExecutionListener, org.springframework.boot.test.mock.mockito.ResetMocksTestExecutionListener, org.springframework.test.context.web.ServletTestExecutionListener, org.springframework.test.context.support.DirtiesContextBeforeModesTestExecutionListener, org.springframework.test.context.support.DependencyInjectionTestExecutionListener, org.springframework.test.context.support.DirtiesContextTestExecutionListener, org.springframework.test.context.transaction.TransactionalTestExecutionListener, org.springframework.test.context.jdbc.SqlScriptsTestExecutionListener]
2021-10-06 23:17:57.536  INFO 16164 --- [    Test worker] .b.t.c.SpringBootTestContextBootstrapper : Using TestExecutionListeners: [org.springframework.test.context.web.ServletTestExecutionListener@7e3c615a, org.springframework.test.context.support.DirtiesContextBeforeModesTestExecutionListener@5ba586d8, org.springframework.boot.test.mock.mockito.MockitoTestExecutionListener@53e22daf, org.springframework.boot.test.autoconfigure.SpringBootDependencyInjectionTestExecutionListener@23a0ba25, org.springframework.test.context.support.DirtiesContextTestExecutionListener@3e0b29ba, org.springframework.test.context.transaction.TransactionalTestExecutionListener@49effbe5, org.springframework.test.context.jdbc.SqlScriptsTestExecutionListener@ba22822, org.springframework.security.test.context.support.WithSecurityContextTestExecutionListener@2d75dae1, org.springframework.security.test.context.support.ReactorContextTestExecutionListener@4a54600c, org.springframework.boot.test.autoconfigure.restdocs.RestDocsTestExecutionListener@7c528a70, org.springframework.boot.test.autoconfigure.web.client.MockRestServiceServerResetTestExecutionListener@662b5ee0, org.springframework.boot.test.autoconfigure.web.servlet.MockMvcPrintOnlyOnFailureTestExecutionListener@650a3216, org.springframework.boot.test.autoconfigure.web.servlet.WebDriverTestExecutionListener@cb76abb, org.springframework.boot.test.mock.mockito.ResetMocksTestExecutionListener@645e7057]
2021-10-06 23:17:57.547  INFO 16164 --- [    Test worker] o.a.c.c.C.[Tomcat].[localhost].[/]       : Initializing Spring TestDispatcherServlet ''
2021-10-06 23:17:57.548  INFO 16164 --- [    Test worker] o.s.t.web.servlet.TestDispatcherServlet  : Initializing Servlet ''
2021-10-06 23:17:57.552  INFO 16164 --- [    Test worker] o.s.t.web.servlet.TestDispatcherServlet  : Completed initialization in 4 ms
Hibernate: insert into posts (id, create_date, modified_date, author, content, title) values (null, ?, ?, ?, ?, ?)
Hibernate: select posts0_.id as id1_0_, posts0_.create_date as create_d2_0_, posts0_.modified_date as modified3_0_, posts0_.author as author4_0_, posts0_.content as content5_0_, posts0_.title as title6_0_ from posts posts0_
Hibernate: select posts0_.id as id1_0_, posts0_.create_date as create_d2_0_, posts0_.modified_date as modified3_0_, posts0_.author as author4_0_, posts0_.content as content5_0_, posts0_.title as title6_0_ from posts posts0_
Hibernate: delete from posts where id=?
2021-10-06 23:17:57.740  INFO 16164 --- [    Test worker] o.a.c.c.C.[Tomcat].[localhost].[/]       : Initializing Spring TestDispatcherServlet ''
2021-10-06 23:17:57.740  INFO 16164 --- [    Test worker] o.s.t.web.servlet.TestDispatcherServlet  : Initializing Servlet ''
2021-10-06 23:17:57.743  INFO 16164 --- [    Test worker] o.s.t.web.servlet.TestDispatcherServlet  : Completed initialization in 3 ms
Hibernate: insert into posts (id, create_date, modified_date, author, content, title) values (null, ?, ?, ?, ?, ?)
Hibernate: select posts0_.id as id1_0_0_, posts0_.create_date as create_d2_0_0_, posts0_.modified_date as modified3_0_0_, posts0_.author as author4_0_0_, posts0_.content as content5_0_0_, posts0_.title as title6_0_0_ from posts posts0_ where posts0_.id=?
Hibernate: update posts set create_date=?, modified_date=?, author=?, content=?, title=? where id=?
Hibernate: select posts0_.id as id1_0_, posts0_.create_date as create_d2_0_, posts0_.modified_date as modified3_0_, posts0_.author as author4_0_, posts0_.content as content5_0_, posts0_.title as title6_0_ from posts posts0_
Hibernate: select posts0_.id as id1_0_, posts0_.create_date as create_d2_0_, posts0_.modified_date as modified3_0_, posts0_.author as author4_0_, posts0_.content as content5_0_, posts0_.title as title6_0_ from posts posts0_
Hibernate: delete from posts where id=?
]]></system-out>
  <system-err><![CDATA[]]></system-err>
</testsuite>
