<?xml version="1.0" encoding="UTF-8"?>
<testsuite name="com.web.project.springboot.Controller.HelloControllerTest" tests="2" skipped="0" failures="0" errors="0" timestamp="2021-09-24T07:08:34" hostname="DESKTOP-GDNTK1R" time="0.376">
  <properties/>
  <testcase name="hello가_리턴된다" classname="com.web.project.springboot.Controller.HelloControllerTest" time="0.292"/>
  <testcase name="helloDto가_리턴된다" classname="com.web.project.springboot.Controller.HelloControllerTest" time="0.083"/>
  <system-out><![CDATA[16:08:31.244 [Test worker] DEBUG org.springframework.test.context.junit4.SpringJUnit4ClassRunner - SpringJUnit4ClassRunner constructor called with [class com.web.project.springboot.Controller.HelloControllerTest]
16:08:31.251 [Test worker] DEBUG org.springframework.test.context.BootstrapUtils - Instantiating CacheAwareContextLoaderDelegate from class [org.springframework.test.context.cache.DefaultCacheAwareContextLoaderDelegate]
16:08:31.260 [Test worker] DEBUG org.springframework.test.context.BootstrapUtils - Instantiating BootstrapContext using constructor [public org.springframework.test.context.support.DefaultBootstrapContext(java.lang.Class,org.springframework.test.context.CacheAwareContextLoaderDelegate)]
16:08:31.279 [Test worker] DEBUG org.springframework.test.context.BootstrapUtils - Instantiating TestContextBootstrapper for test class [com.web.project.springboot.Controller.HelloControllerTest] from class [org.springframework.boot.test.autoconfigure.web.servlet.WebMvcTestContextBootstrapper]
16:08:31.298 [Test worker] INFO org.springframework.boot.test.autoconfigure.web.servlet.WebMvcTestContextBootstrapper - Neither @ContextConfiguration nor @ContextHierarchy found for test class [com.web.project.springboot.Controller.HelloControllerTest], using SpringBootContextLoader
16:08:31.302 [Test worker] DEBUG org.springframework.test.context.support.AbstractContextLoader - Did not detect default resource location for test class [com.web.project.springboot.Controller.HelloControllerTest]: class path resource [com/web/project/springboot/Controller/HelloControllerTest-context.xml] does not exist
16:08:31.302 [Test worker] DEBUG org.springframework.test.context.support.AbstractContextLoader - Did not detect default resource location for test class [com.web.project.springboot.Controller.HelloControllerTest]: class path resource [com/web/project/springboot/Controller/HelloControllerTestContext.groovy] does not exist
16:08:31.303 [Test worker] INFO org.springframework.test.context.support.AbstractContextLoader - Could not detect default resource locations for test class [com.web.project.springboot.Controller.HelloControllerTest]: no resource found for suffixes {-context.xml, Context.groovy}.
16:08:31.303 [Test worker] INFO org.springframework.test.context.support.AnnotationConfigContextLoaderUtils - Could not detect default configuration classes for test class [com.web.project.springboot.Controller.HelloControllerTest]: HelloControllerTest does not declare any static, non-private, non-final, nested classes annotated with @Configuration.
16:08:31.368 [Test worker] DEBUG org.springframework.test.context.support.ActiveProfilesUtils - Could not find an 'annotation declaring class' for annotation type [org.springframework.test.context.ActiveProfiles] and class [com.web.project.springboot.Controller.HelloControllerTest]
16:08:31.455 [Test worker] DEBUG org.springframework.context.annotation.ClassPathScanningCandidateComponentProvider - Identified candidate component class: file [C:\springboot-project\build\classes\java\main\com\web\project\springboot\Application.class]
16:08:31.457 [Test worker] INFO org.springframework.boot.test.context.SpringBootTestContextBootstrapper - Found @SpringBootConfiguration com.web.project.springboot.Application for test class com.web.project.springboot.Controller.HelloControllerTest
16:08:31.459 [Test worker] DEBUG org.springframework.boot.test.autoconfigure.web.servlet.WebMvcTestContextBootstrapper - @TestExecutionListeners is not present for class [com.web.project.springboot.Controller.HelloControllerTest]: using defaults.
16:08:31.460 [Test worker] INFO org.springframework.boot.test.autoconfigure.web.servlet.WebMvcTestContextBootstrapper - Loaded default TestExecutionListener class names from location [META-INF/spring.factories]: [org.springframework.security.test.context.support.WithSecurityContextTestExecutionListener, org.springframework.security.test.context.support.ReactorContextTestExecutionListener, org.springframework.boot.test.autoconfigure.restdocs.RestDocsTestExecutionListener, org.springframework.boot.test.autoconfigure.web.client.MockRestServiceServerResetTestExecutionListener, org.springframework.boot.test.autoconfigure.web.servlet.MockMvcPrintOnlyOnFailureTestExecutionListener, org.springframework.boot.test.autoconfigure.web.servlet.WebDriverTestExecutionListener, org.springframework.boot.test.mock.mockito.MockitoTestExecutionListener, org.springframework.boot.test.mock.mockito.ResetMocksTestExecutionListener, org.springframework.test.context.web.ServletTestExecutionListener, org.springframework.test.context.support.DirtiesContextBeforeModesTestExecutionListener, org.springframework.test.context.support.DependencyInjectionTestExecutionListener, org.springframework.test.context.support.DirtiesContextTestExecutionListener, org.springframework.test.context.transaction.TransactionalTestExecutionListener, org.springframework.test.context.jdbc.SqlScriptsTestExecutionListener]
16:08:31.492 [Test worker] INFO org.springframework.boot.test.autoconfigure.web.servlet.WebMvcTestContextBootstrapper - Using TestExecutionListeners: [org.springframework.test.context.web.ServletTestExecutionListener@55043916, org.springframework.test.context.support.DirtiesContextBeforeModesTestExecutionListener@39743f48, org.springframework.boot.test.mock.mockito.MockitoTestExecutionListener@415aac9a, org.springframework.boot.test.autoconfigure.SpringBootDependencyInjectionTestExecutionListener@6507e722, org.springframework.test.context.support.DirtiesContextTestExecutionListener@113fae1d, org.springframework.test.context.transaction.TransactionalTestExecutionListener@9294d0d, org.springframework.test.context.jdbc.SqlScriptsTestExecutionListener@1d830ece, org.springframework.security.test.context.support.WithSecurityContextTestExecutionListener@47e7d4ab, org.springframework.security.test.context.support.ReactorContextTestExecutionListener@2bc4c50c, org.springframework.boot.test.autoconfigure.restdocs.RestDocsTestExecutionListener@68c6b45c, org.springframework.boot.test.autoconfigure.web.client.MockRestServiceServerResetTestExecutionListener@6db622f4, org.springframework.boot.test.autoconfigure.web.servlet.MockMvcPrintOnlyOnFailureTestExecutionListener@140de165, org.springframework.boot.test.autoconfigure.web.servlet.WebDriverTestExecutionListener@196cba4d, org.springframework.boot.test.mock.mockito.ResetMocksTestExecutionListener@44d58968]
16:08:31.494 [Test worker] DEBUG org.springframework.test.annotation.ProfileValueUtils - Retrieved @ProfileValueSourceConfiguration [null] for test class [com.web.project.springboot.Controller.HelloControllerTest]
16:08:31.495 [Test worker] DEBUG org.springframework.test.annotation.ProfileValueUtils - Retrieved ProfileValueSource type [class org.springframework.test.annotation.SystemProfileValueSource] for class [com.web.project.springboot.Controller.HelloControllerTest]
16:08:31.495 [Test worker] DEBUG org.springframework.test.annotation.ProfileValueUtils - Retrieved @ProfileValueSourceConfiguration [null] for test class [com.web.project.springboot.Controller.HelloControllerTest]
16:08:31.495 [Test worker] DEBUG org.springframework.test.annotation.ProfileValueUtils - Retrieved ProfileValueSource type [class org.springframework.test.annotation.SystemProfileValueSource] for class [com.web.project.springboot.Controller.HelloControllerTest]
16:08:31.499 [Test worker] DEBUG org.springframework.test.context.support.AbstractDirtiesContextTestExecutionListener - Before test class: context [DefaultTestContext@6161e659 testClass = HelloControllerTest, testInstance = [null], testMethod = [null], testException = [null], mergedContextConfiguration = [WebMergedContextConfiguration@ed175fb testClass = HelloControllerTest, locations = '{}', classes = '{class com.web.project.springboot.Application}', contextInitializerClasses = '[]', activeProfiles = '{}', propertySourceLocations = '{}', propertySourceProperties = '{org.springframework.boot.test.autoconfigure.web.servlet.WebMvcTestContextBootstrapper=true}', contextCustomizers = set[org.springframework.boot.test.autoconfigure.OverrideAutoConfigurationContextCustomizerFactory$DisableAutoConfigurationContextCustomizer@4945c6fa, org.springframework.boot.test.autoconfigure.filter.TypeExcludeFiltersContextCustomizer@895e1a7d, org.springframework.boot.test.autoconfigure.properties.PropertyMappingContextCustomizer@cabfac16, org.springframework.boot.test.autoconfigure.web.servlet.WebDriverContextCustomizerFactory$Customizer@41bd4fea, [ImportsContextCustomizer@397964ae key = [org.springframework.boot.autoconfigure.cache.CacheAutoConfiguration, org.springframework.boot.autoconfigure.context.MessageSourceAutoConfiguration, org.springframework.boot.autoconfigure.data.web.SpringDataWebAutoConfiguration, org.springframework.boot.autoconfigure.freemarker.FreeMarkerAutoConfiguration, org.springframework.boot.autoconfigure.groovy.template.GroovyTemplateAutoConfiguration, org.springframework.boot.autoconfigure.gson.GsonAutoConfiguration, org.springframework.boot.autoconfigure.hateoas.HypermediaAutoConfiguration, org.springframework.boot.autoconfigure.http.HttpMessageConvertersAutoConfiguration, org.springframework.boot.autoconfigure.jackson.JacksonAutoConfiguration, org.springframework.boot.autoconfigure.jsonb.JsonbAutoConfiguration, org.springframework.boot.autoconfigure.mustache.MustacheAutoConfiguration, org.springframework.boot.autoconfigure.task.TaskExecutionAutoConfiguration, org.springframework.boot.autoconfigure.thymeleaf.ThymeleafAutoConfiguration, org.springframework.boot.autoconfigure.validation.ValidationAutoConfiguration, org.springframework.boot.autoconfigure.web.servlet.error.ErrorMvcAutoConfiguration, org.springframework.boot.autoconfigure.web.servlet.WebMvcAutoConfiguration, org.springframework.boot.test.autoconfigure.web.servlet.MockMvcAutoConfiguration, org.springframework.boot.test.autoconfigure.web.servlet.MockMvcSecurityAutoConfiguration, org.springframework.boot.test.autoconfigure.web.servlet.MockMvcWebClientAutoConfiguration, org.springframework.boot.test.autoconfigure.web.servlet.MockMvcWebDriverAutoConfiguration]], org.springframework.boot.test.context.filter.ExcludeFilterContextCustomizer@5542e2fa, org.springframework.boot.test.json.DuplicateJsonObjectContextCustomizerFactory$DuplicateJsonObjectContextCustomizer@25236413, org.springframework.boot.test.mock.mockito.MockitoContextCustomizer@0], resourceBasePath = 'src/main/webapp', contextLoader = 'org.springframework.boot.test.context.SpringBootContextLoader', parent = [null]], attributes = map[[empty]]], class annotated with @DirtiesContext [false] with mode [null].
16:08:31.500 [Test worker] DEBUG org.springframework.test.annotation.ProfileValueUtils - Retrieved @ProfileValueSourceConfiguration [null] for test class [com.web.project.springboot.Controller.HelloControllerTest]
16:08:31.500 [Test worker] DEBUG org.springframework.test.annotation.ProfileValueUtils - Retrieved ProfileValueSource type [class org.springframework.test.annotation.SystemProfileValueSource] for class [com.web.project.springboot.Controller.HelloControllerTest]
16:08:31.505 [Test worker] DEBUG org.springframework.test.context.support.DependencyInjectionTestExecutionListener - Performing dependency injection for test context [[DefaultTestContext@6161e659 testClass = HelloControllerTest, testInstance = com.web.project.springboot.Controller.HelloControllerTest@68bcfc44, testMethod = [null], testException = [null], mergedContextConfiguration = [WebMergedContextConfiguration@ed175fb testClass = HelloControllerTest, locations = '{}', classes = '{class com.web.project.springboot.Application}', contextInitializerClasses = '[]', activeProfiles = '{}', propertySourceLocations = '{}', propertySourceProperties = '{org.springframework.boot.test.autoconfigure.web.servlet.WebMvcTestContextBootstrapper=true}', contextCustomizers = set[org.springframework.boot.test.autoconfigure.OverrideAutoConfigurationContextCustomizerFactory$DisableAutoConfigurationContextCustomizer@4945c6fa, org.springframework.boot.test.autoconfigure.filter.TypeExcludeFiltersContextCustomizer@895e1a7d, org.springframework.boot.test.autoconfigure.properties.PropertyMappingContextCustomizer@cabfac16, org.springframework.boot.test.autoconfigure.web.servlet.WebDriverContextCustomizerFactory$Customizer@41bd4fea, [ImportsContextCustomizer@397964ae key = [org.springframework.boot.autoconfigure.cache.CacheAutoConfiguration, org.springframework.boot.autoconfigure.context.MessageSourceAutoConfiguration, org.springframework.boot.autoconfigure.data.web.SpringDataWebAutoConfiguration, org.springframework.boot.autoconfigure.freemarker.FreeMarkerAutoConfiguration, org.springframework.boot.autoconfigure.groovy.template.GroovyTemplateAutoConfiguration, org.springframework.boot.autoconfigure.gson.GsonAutoConfiguration, org.springframework.boot.autoconfigure.hateoas.HypermediaAutoConfiguration, org.springframework.boot.autoconfigure.http.HttpMessageConvertersAutoConfiguration, org.springframework.boot.autoconfigure.jackson.JacksonAutoConfiguration, org.springframework.boot.autoconfigure.jsonb.JsonbAutoConfiguration, org.springframework.boot.autoconfigure.mustache.MustacheAutoConfiguration, org.springframework.boot.autoconfigure.task.TaskExecutionAutoConfiguration, org.springframework.boot.autoconfigure.thymeleaf.ThymeleafAutoConfiguration, org.springframework.boot.autoconfigure.validation.ValidationAutoConfiguration, org.springframework.boot.autoconfigure.web.servlet.error.ErrorMvcAutoConfiguration, org.springframework.boot.autoconfigure.web.servlet.WebMvcAutoConfiguration, org.springframework.boot.test.autoconfigure.web.servlet.MockMvcAutoConfiguration, org.springframework.boot.test.autoconfigure.web.servlet.MockMvcSecurityAutoConfiguration, org.springframework.boot.test.autoconfigure.web.servlet.MockMvcWebClientAutoConfiguration, org.springframework.boot.test.autoconfigure.web.servlet.MockMvcWebDriverAutoConfiguration]], org.springframework.boot.test.context.filter.ExcludeFilterContextCustomizer@5542e2fa, org.springframework.boot.test.json.DuplicateJsonObjectContextCustomizerFactory$DuplicateJsonObjectContextCustomizer@25236413, org.springframework.boot.test.mock.mockito.MockitoContextCustomizer@0], resourceBasePath = 'src/main/webapp', contextLoader = 'org.springframework.boot.test.context.SpringBootContextLoader', parent = [null]], attributes = map[[empty]]]].
16:08:31.626 [Test worker] DEBUG org.springframework.test.context.support.TestPropertySourceUtils - Adding inlined properties to environment: {spring.jmx.enabled=false, org.springframework.boot.test.autoconfigure.web.servlet.WebMvcTestContextBootstrapper=true, server.port=-1}

  .   ____          _            __ _ _
 /\\ / ___'_ __ _ _(_)_ __  __ _ \ \ \ \
( ( )\___ | '_ | '_| | '_ \/ _` | \ \ \ \
 \\/  ___)| |_)| | | | | || (_| |  ) ) ) )
  '  |____| .__|_| |_|_| |_\__, | / / / /
 =========|_|==============|___/=/_/_/_/
 :: Spring Boot ::        (v2.1.9.RELEASE)

2021-09-24 16:08:31.912  INFO 12772 --- [    Test worker] c.w.p.s.Controller.HelloControllerTest   : Starting HelloControllerTest on DESKTOP-GDNTK1R with PID 12772 (started by tkznf in C:\springboot-project)
2021-09-24 16:08:31.915  INFO 12772 --- [    Test worker] c.w.p.s.Controller.HelloControllerTest   : No active profile set, falling back to default profiles: default
2021-09-24 16:08:33.241  INFO 12772 --- [    Test worker] o.s.s.concurrent.ThreadPoolTaskExecutor  : Initializing ExecutorService 'applicationTaskExecutor'
2021-09-24 16:08:33.346  INFO 12772 --- [    Test worker] o.s.b.a.w.s.WelcomePageHandlerMapping    : Adding welcome page template: index
2021-09-24 16:08:33.703  INFO 12772 --- [    Test worker] .s.s.UserDetailsServiceAutoConfiguration : 

Using generated security password: 9574dd3f-ff21-4f80-ae86-3b5121729f8c

2021-09-24 16:08:33.953  INFO 12772 --- [    Test worker] o.s.s.web.DefaultSecurityFilterChain     : Creating filter chain: any request, [org.springframework.security.web.context.request.async.WebAsyncManagerIntegrationFilter@46123178, org.springframework.security.web.context.SecurityContextPersistenceFilter@2d043413, org.springframework.security.web.header.HeaderWriterFilter@644bac34, org.springframework.security.web.csrf.CsrfFilter@1b878e9d, org.springframework.security.web.authentication.logout.LogoutFilter@50a06c99, org.springframework.security.web.authentication.UsernamePasswordAuthenticationFilter@3b59f14d, org.springframework.security.web.authentication.ui.DefaultLoginPageGeneratingFilter@5e472b0b, org.springframework.security.web.authentication.ui.DefaultLogoutPageGeneratingFilter@19fe6abc, org.springframework.security.web.authentication.www.BasicAuthenticationFilter@6c8e7b44, org.springframework.security.web.savedrequest.RequestCacheAwareFilter@57f8b6de, org.springframework.security.web.servletapi.SecurityContextHolderAwareRequestFilter@64e1ae84, org.springframework.security.web.authentication.AnonymousAuthenticationFilter@56a9bde8, org.springframework.security.web.session.SessionManagementFilter@5e964b36, org.springframework.security.web.access.ExceptionTranslationFilter@6523d3c7, org.springframework.security.web.access.intercept.FilterSecurityInterceptor@7c439b9e]
2021-09-24 16:08:34.003  INFO 12772 --- [    Test worker] o.s.b.t.m.w.SpringBootMockServletContext : Initializing Spring TestDispatcherServlet ''
2021-09-24 16:08:34.003  INFO 12772 --- [    Test worker] o.s.t.web.servlet.TestDispatcherServlet  : Initializing Servlet ''
2021-09-24 16:08:34.019  INFO 12772 --- [    Test worker] o.s.t.web.servlet.TestDispatcherServlet  : Completed initialization in 16 ms
2021-09-24 16:08:34.066  INFO 12772 --- [    Test worker] c.w.p.s.Controller.HelloControllerTest   : Started HelloControllerTest in 2.43 seconds (JVM running for 4.088)
]]></system-out>
  <system-err><![CDATA[]]></system-err>
</testsuite>
