<?xml version="1.0" encoding="UTF-8"?>
<testsuite name="com.web.project.springboot.domain.posts.PostsRepositoryTest" tests="2" skipped="0" failures="0" errors="0" timestamp="2021-10-06T14:17:59" hostname="DESKTOP-GDNTK1R" time="0.02">
  <properties/>
  <testcase name="게시글저장_불러오기" classname="com.web.project.springboot.domain.posts.PostsRepositoryTest" time="0.013"/>
  <testcase name="BaseTimeEntity_등록" classname="com.web.project.springboot.domain.posts.PostsRepositoryTest" time="0.007"/>
  <system-out><![CDATA[2021-10-06 23:17:57.788  INFO 16164 --- [    Test worker] .b.t.c.SpringBootTestContextBootstrapper : Neither @ContextConfiguration nor @ContextHierarchy found for test class [com.web.project.springboot.domain.posts.PostsRepositoryTest], using SpringBootContextLoader
2021-10-06 23:17:57.789  INFO 16164 --- [    Test worker] o.s.t.c.support.AbstractContextLoader    : Could not detect default resource locations for test class [com.web.project.springboot.domain.posts.PostsRepositoryTest]: no resource found for suffixes {-context.xml, Context.groovy}.
2021-10-06 23:17:57.789  INFO 16164 --- [    Test worker] t.c.s.AnnotationConfigContextLoaderUtils : Could not detect default configuration classes for test class [com.web.project.springboot.domain.posts.PostsRepositoryTest]: PostsRepositoryTest does not declare any static, non-private, non-final, nested classes annotated with @Configuration.
2021-10-06 23:17:57.797  INFO 16164 --- [    Test worker] .b.t.c.SpringBootTestContextBootstrapper : Found @SpringBootConfiguration com.web.project.springboot.Application for test class com.web.project.springboot.domain.posts.PostsRepositoryTest
2021-10-06 23:17:57.799  INFO 16164 --- [    Test worker] .b.t.c.SpringBootTestContextBootstrapper : Loaded default TestExecutionListener class names from location [META-INF/spring.factories]: [org.springframework.security.test.context.support.WithSecurityContextTestExecutionListener, org.springframework.security.test.context.support.ReactorContextTestExecutionListener, org.springframework.boot.test.autoconfigure.restdocs.RestDocsTestExecutionListener, org.springframework.boot.test.autoconfigure.web.client.MockRestServiceServerResetTestExecutionListener, org.springframework.boot.test.autoconfigure.web.servlet.MockMvcPrintOnlyOnFailureTestExecutionListener, org.springframework.boot.test.autoconfigure.web.servlet.WebDriverTestExecutionListener, org.springframework.boot.test.mock.mockito.MockitoTestExecutionListener, org.springframework.boot.test.mock.mockito.ResetMocksTestExecutionListener, org.springframework.test.context.web.ServletTestExecutionListener, org.springframework.test.context.support.DirtiesContextBeforeModesTestExecutionListener, org.springframework.test.context.support.DependencyInjectionTestExecutionListener, org.springframework.test.context.support.DirtiesContextTestExecutionListener, org.springframework.test.context.transaction.TransactionalTestExecutionListener, org.springframework.test.context.jdbc.SqlScriptsTestExecutionListener]
2021-10-06 23:17:57.799  INFO 16164 --- [    Test worker] .b.t.c.SpringBootTestContextBootstrapper : Using TestExecutionListeners: [org.springframework.test.context.web.ServletTestExecutionListener@7a11de8, org.springframework.test.context.support.DirtiesContextBeforeModesTestExecutionListener@51b47c4e, org.springframework.boot.test.mock.mockito.MockitoTestExecutionListener@21387ba5, org.springframework.boot.test.autoconfigure.SpringBootDependencyInjectionTestExecutionListener@1c01df66, org.springframework.test.context.support.DirtiesContextTestExecutionListener@13c0df53, org.springframework.test.context.transaction.TransactionalTestExecutionListener@61e48769, org.springframework.test.context.jdbc.SqlScriptsTestExecutionListener@3e33da3, org.springframework.security.test.context.support.WithSecurityContextTestExecutionListener@118b3856, org.springframework.security.test.context.support.ReactorContextTestExecutionListener@4a44773, org.springframework.boot.test.autoconfigure.restdocs.RestDocsTestExecutionListener@413e5741, org.springframework.boot.test.autoconfigure.web.client.MockRestServiceServerResetTestExecutionListener@5baa74e0, org.springframework.boot.test.autoconfigure.web.servlet.MockMvcPrintOnlyOnFailureTestExecutionListener@13abae4b, org.springframework.boot.test.autoconfigure.web.servlet.WebDriverTestExecutionListener@3512fc92, org.springframework.boot.test.mock.mockito.ResetMocksTestExecutionListener@625312e]

  .   ____          _            __ _ _
 /\\ / ___'_ __ _ _(_)_ __  __ _ \ \ \ \
( ( )\___ | '_ | '_| | '_ \/ _` | \ \ \ \
 \\/  ___)| |_)| | | | | || (_| |  ) ) ) )
  '  |____| .__|_| |_|_| |_\__, | / / / /
 =========|_|==============|___/=/_/_/_/
 :: Spring Boot ::        (v2.1.9.RELEASE)

2021-10-06 23:17:57.828  INFO 16164 --- [    Test worker] c.w.p.s.d.posts.PostsRepositoryTest      : Starting PostsRepositoryTest on DESKTOP-GDNTK1R with PID 16164 (started by tkznf in C:\springboot-project)
2021-10-06 23:17:57.829  INFO 16164 --- [    Test worker] c.w.p.s.d.posts.PostsRepositoryTest      : No active profile set, falling back to default profiles: default
2021-10-06 23:17:58.072  INFO 16164 --- [    Test worker] .s.d.r.c.RepositoryConfigurationDelegate : Bootstrapping Spring Data repositories in DEFAULT mode.
2021-10-06 23:17:58.106  INFO 16164 --- [    Test worker] .s.d.r.c.RepositoryConfigurationDelegate : Finished Spring Data repository scanning in 34ms. Found 2 repository interfaces.
2021-10-06 23:17:58.213  INFO 16164 --- [    Test worker] trationDelegate$BeanPostProcessorChecker : Bean 'org.springframework.transaction.annotation.ProxyTransactionManagementConfiguration' of type [org.springframework.transaction.annotation.ProxyTransactionManagementConfiguration$$EnhancerBySpringCGLIB$$7403fea4] is not eligible for getting processed by all BeanPostProcessors (for example: not eligible for auto-proxying)
2021-10-06 23:17:58.289  INFO 16164 --- [    Test worker] com.zaxxer.hikari.HikariDataSource       : HikariPool-2 - Starting...
2021-10-06 23:17:58.290  INFO 16164 --- [    Test worker] com.zaxxer.hikari.HikariDataSource       : HikariPool-2 - Start completed.
2021-10-06 23:17:58.324  INFO 16164 --- [    Test worker] o.hibernate.jpa.internal.util.LogHelper  : HHH000204: Processing PersistenceUnitInfo [
	name: default
	...]
2021-10-06 23:17:58.335  INFO 16164 --- [    Test worker] org.hibernate.dialect.Dialect            : HHH000400: Using dialect: org.hibernate.dialect.H2Dialect
Hibernate: drop table posts if exists
Hibernate: drop table user if exists
Hibernate: create table posts (id bigint generated by default as identity, create_date timestamp, modified_date timestamp, author varchar(255), content TEXT not null, title varchar(500) not null, primary key (id))
Hibernate: create table user (id bigint generated by default as identity, create_date timestamp, modified_date timestamp, email varchar(255) not null, name varchar(255) not null, picture varchar(255), role varchar(255) not null, primary key (id))
2021-10-06 23:17:58.380  INFO 16164 --- [    Test worker] o.h.t.schema.internal.SchemaCreatorImpl  : HHH000476: Executing import script 'org.hibernate.tool.schema.internal.exec.ScriptSourceInputNonExistentImpl@4e29be76'
2021-10-06 23:17:58.381  INFO 16164 --- [    Test worker] j.LocalContainerEntityManagerFactoryBean : Initialized JPA EntityManagerFactory for persistence unit 'default'
2021-10-06 23:17:58.441  INFO 16164 --- [    Test worker] o.h.h.i.QueryTranslatorFactoryInitiator  : HHH000397: Using ASTQueryTranslatorFactory
2021-10-06 23:17:58.742  INFO 16164 --- [    Test worker] o.s.s.web.DefaultSecurityFilterChain     : Creating filter chain: any request, [org.springframework.security.web.context.request.async.WebAsyncManagerIntegrationFilter@d2fa336, org.springframework.security.web.context.SecurityContextPersistenceFilter@6443ef6c, org.springframework.security.web.header.HeaderWriterFilter@3cde9b9d, org.springframework.security.web.authentication.logout.LogoutFilter@6a06a838, org.springframework.security.oauth2.client.web.OAuth2AuthorizationRequestRedirectFilter@49daa532, org.springframework.security.oauth2.client.web.OAuth2LoginAuthenticationFilter@79b4aeae, org.springframework.security.web.authentication.ui.DefaultLoginPageGeneratingFilter@11c50de3, org.springframework.security.web.authentication.ui.DefaultLogoutPageGeneratingFilter@6d87e7d1, org.springframework.security.web.savedrequest.RequestCacheAwareFilter@3fcefff8, org.springframework.security.web.servletapi.SecurityContextHolderAwareRequestFilter@778499ef, org.springframework.security.web.authentication.AnonymousAuthenticationFilter@71683c66, org.springframework.security.web.session.SessionManagementFilter@f0d2551, org.springframework.security.web.access.ExceptionTranslationFilter@5c80eac6, org.springframework.security.web.access.intercept.FilterSecurityInterceptor@73e2754f]
2021-10-06 23:17:59.015  INFO 16164 --- [    Test worker] o.s.s.concurrent.ThreadPoolTaskExecutor  : Initializing ExecutorService 'applicationTaskExecutor'
2021-10-06 23:17:59.026  WARN 16164 --- [    Test worker] aWebConfiguration$JpaWebMvcConfiguration : spring.jpa.open-in-view is enabled by default. Therefore, database queries may be performed during view rendering. Explicitly configure spring.jpa.open-in-view to disable this warning
2021-10-06 23:17:59.052  INFO 16164 --- [    Test worker] o.s.b.a.w.s.WelcomePageHandlerMapping    : Adding welcome page template: index
2021-10-06 23:17:59.397  INFO 16164 --- [    Test worker] s.a.ScheduledAnnotationBeanPostProcessor : No TaskScheduler/ScheduledExecutorService bean found for scheduled processing
2021-10-06 23:17:59.397  INFO 16164 --- [    Test worker] c.w.p.s.d.posts.PostsRepositoryTest      : Started PostsRepositoryTest in 1.596 seconds (JVM running for 12.473)
Hibernate: insert into posts (id, create_date, modified_date, author, content, title) values (null, ?, ?, ?, ?, ?)
Hibernate: select posts0_.id as id1_0_, posts0_.create_date as create_d2_0_, posts0_.modified_date as modified3_0_, posts0_.author as author4_0_, posts0_.content as content5_0_, posts0_.title as title6_0_ from posts posts0_
Hibernate: select posts0_.id as id1_0_, posts0_.create_date as create_d2_0_, posts0_.modified_date as modified3_0_, posts0_.author as author4_0_, posts0_.content as content5_0_, posts0_.title as title6_0_ from posts posts0_
Hibernate: delete from posts where id=?
Hibernate: insert into posts (id, create_date, modified_date, author, content, title) values (null, ?, ?, ?, ?, ?)
Hibernate: select posts0_.id as id1_0_, posts0_.create_date as create_d2_0_, posts0_.modified_date as modified3_0_, posts0_.author as author4_0_, posts0_.content as content5_0_, posts0_.title as title6_0_ from posts posts0_
>>>>>>>>> createDate=2021-10-06T23:17:59.415,ModifiedDate=2021-10-06T23:17:59.415
Hibernate: select posts0_.id as id1_0_, posts0_.create_date as create_d2_0_, posts0_.modified_date as modified3_0_, posts0_.author as author4_0_, posts0_.content as content5_0_, posts0_.title as title6_0_ from posts posts0_
Hibernate: delete from posts where id=?
]]></system-out>
  <system-err><![CDATA[]]></system-err>
</testsuite>
