<?xml version="1.0" encoding="UTF-8"?>
<testsuite name="com.web.project.springboot.Controller.HelloControllerTest" tests="2" skipped="0" failures="0" errors="0" timestamp="2021-09-14T14:53:53" hostname="DESKTOP-GDNTK1R" time="0.134">
  <properties/>
  <testcase name="hello가_리턴된다" classname="com.web.project.springboot.Controller.HelloControllerTest" time="0.039"/>
  <testcase name="helloDto가_리턴된다" classname="com.web.project.springboot.Controller.HelloControllerTest" time="0.095"/>
  <system-out><![CDATA[2021-09-14 23:53:52.750  INFO 22912 --- [    Test worker] .b.t.a.w.s.WebMvcTestContextBootstrapper : Neither @ContextConfiguration nor @ContextHierarchy found for test class [com.web.project.springboot.Controller.HelloControllerTest], using SpringBootContextLoader
2021-09-14 23:53:52.751  INFO 22912 --- [    Test worker] o.s.t.c.support.AbstractContextLoader    : Could not detect default resource locations for test class [com.web.project.springboot.Controller.HelloControllerTest]: no resource found for suffixes {-context.xml, Context.groovy}.
2021-09-14 23:53:52.751  INFO 22912 --- [    Test worker] t.c.s.AnnotationConfigContextLoaderUtils : Could not detect default configuration classes for test class [com.web.project.springboot.Controller.HelloControllerTest]: HelloControllerTest does not declare any static, non-private, non-final, nested classes annotated with @Configuration.
2021-09-14 23:53:52.763  INFO 22912 --- [    Test worker] .b.t.c.SpringBootTestContextBootstrapper : Found @SpringBootConfiguration com.web.project.springboot.Application for test class com.web.project.springboot.Controller.HelloControllerTest
2021-09-14 23:53:52.764  INFO 22912 --- [    Test worker] .b.t.a.w.s.WebMvcTestContextBootstrapper : Loaded default TestExecutionListener class names from location [META-INF/spring.factories]: [org.springframework.security.test.context.support.WithSecurityContextTestExecutionListener, org.springframework.security.test.context.support.ReactorContextTestExecutionListener, org.springframework.boot.test.autoconfigure.restdocs.RestDocsTestExecutionListener, org.springframework.boot.test.autoconfigure.web.client.MockRestServiceServerResetTestExecutionListener, org.springframework.boot.test.autoconfigure.web.servlet.MockMvcPrintOnlyOnFailureTestExecutionListener, org.springframework.boot.test.autoconfigure.web.servlet.WebDriverTestExecutionListener, org.springframework.boot.test.mock.mockito.MockitoTestExecutionListener, org.springframework.boot.test.mock.mockito.ResetMocksTestExecutionListener, org.springframework.test.context.web.ServletTestExecutionListener, org.springframework.test.context.support.DirtiesContextBeforeModesTestExecutionListener, org.springframework.test.context.support.DependencyInjectionTestExecutionListener, org.springframework.test.context.support.DirtiesContextTestExecutionListener, org.springframework.test.context.transaction.TransactionalTestExecutionListener, org.springframework.test.context.jdbc.SqlScriptsTestExecutionListener]
2021-09-14 23:53:52.765  INFO 22912 --- [    Test worker] .b.t.a.w.s.WebMvcTestContextBootstrapper : Using TestExecutionListeners: [org.springframework.test.context.web.ServletTestExecutionListener@36402345, org.springframework.test.context.support.DirtiesContextBeforeModesTestExecutionListener@646597, org.springframework.boot.test.mock.mockito.MockitoTestExecutionListener@1bc009be, org.springframework.boot.test.autoconfigure.SpringBootDependencyInjectionTestExecutionListener@7fddd42a, org.springframework.test.context.support.DirtiesContextTestExecutionListener@48b08a9f, org.springframework.test.context.transaction.TransactionalTestExecutionListener@6b5b16c3, org.springframework.test.context.jdbc.SqlScriptsTestExecutionListener@704d7fef, org.springframework.security.test.context.support.WithSecurityContextTestExecutionListener@61a08948, org.springframework.security.test.context.support.ReactorContextTestExecutionListener@2d880391, org.springframework.boot.test.autoconfigure.restdocs.RestDocsTestExecutionListener@1e56e5ed, org.springframework.boot.test.autoconfigure.web.client.MockRestServiceServerResetTestExecutionListener@5ff53cf, org.springframework.boot.test.autoconfigure.web.servlet.MockMvcPrintOnlyOnFailureTestExecutionListener@60f070f1, org.springframework.boot.test.autoconfigure.web.servlet.WebDriverTestExecutionListener@d0973f5, org.springframework.boot.test.mock.mockito.ResetMocksTestExecutionListener@24d99634]

  .   ____          _            __ _ _
 /\\ / ___'_ __ _ _(_)_ __  __ _ \ \ \ \
( ( )\___ | '_ | '_| | '_ \/ _` | \ \ \ \
 \\/  ___)| |_)| | | | | || (_| |  ) ) ) )
  '  |____| .__|_| |_|_| |_\__, | / / / /
 =========|_|==============|___/=/_/_/_/
 :: Spring Boot ::        (v2.1.9.RELEASE)

2021-09-14 23:53:52.808  INFO 22912 --- [    Test worker] c.w.p.s.Controller.HelloControllerTest   : Starting HelloControllerTest on DESKTOP-GDNTK1R with PID 22912 (started by tkznf in C:\springboot-project)
2021-09-14 23:53:52.809  INFO 22912 --- [    Test worker] c.w.p.s.Controller.HelloControllerTest   : No active profile set, falling back to default profiles: default
2021-09-14 23:53:53.277  INFO 22912 --- [    Test worker] o.s.s.concurrent.ThreadPoolTaskExecutor  : Initializing ExecutorService 'applicationTaskExecutor'
2021-09-14 23:53:53.311  INFO 22912 --- [    Test worker] o.s.b.a.w.s.WelcomePageHandlerMapping    : Adding welcome page template: index
2021-09-14 23:53:53.526  INFO 22912 --- [    Test worker] .s.s.UserDetailsServiceAutoConfiguration : 

Using generated security password: 3be8d724-045a-4be5-96a9-624567133fc9

2021-09-14 23:53:53.677  INFO 22912 --- [    Test worker] o.s.s.web.DefaultSecurityFilterChain     : Creating filter chain: any request, [org.springframework.security.web.context.request.async.WebAsyncManagerIntegrationFilter@1ce2baa5, org.springframework.security.web.context.SecurityContextPersistenceFilter@31b644a2, org.springframework.security.web.header.HeaderWriterFilter@addd88c, org.springframework.security.web.csrf.CsrfFilter@28063a0b, org.springframework.security.web.authentication.logout.LogoutFilter@69d8afc9, org.springframework.security.web.authentication.UsernamePasswordAuthenticationFilter@a318db7, org.springframework.security.web.authentication.ui.DefaultLoginPageGeneratingFilter@6332b6a5, org.springframework.security.web.authentication.ui.DefaultLogoutPageGeneratingFilter@7c117fd3, org.springframework.security.web.authentication.www.BasicAuthenticationFilter@13a4d682, org.springframework.security.web.savedrequest.RequestCacheAwareFilter@7b0692d, org.springframework.security.web.servletapi.SecurityContextHolderAwareRequestFilter@63cdc8ef, org.springframework.security.web.authentication.AnonymousAuthenticationFilter@49b4a615, org.springframework.security.web.session.SessionManagementFilter@13127dbe, org.springframework.security.web.access.ExceptionTranslationFilter@5e6d0ba2, org.springframework.security.web.access.intercept.FilterSecurityInterceptor@5894029f]
2021-09-14 23:53:53.697  INFO 22912 --- [    Test worker] o.s.b.t.m.w.SpringBootMockServletContext : Initializing Spring TestDispatcherServlet ''
2021-09-14 23:53:53.698  INFO 22912 --- [    Test worker] o.s.t.web.servlet.TestDispatcherServlet  : Initializing Servlet ''
2021-09-14 23:53:53.702  INFO 22912 --- [    Test worker] o.s.t.web.servlet.TestDispatcherServlet  : Completed initialization in 4 ms
2021-09-14 23:53:53.739  INFO 22912 --- [    Test worker] c.w.p.s.Controller.HelloControllerTest   : Started HelloControllerTest in 0.966 seconds (JVM running for 9.568)
]]></system-out>
  <system-err><![CDATA[]]></system-err>
</testsuite>
