<?xml version="1.0" encoding="UTF-8"?>
<testsuite name="com.web.project.springboot.Controller.ProfileControllerTest" tests="1" skipped="0" failures="0" errors="0" timestamp="2021-10-06T14:17:57" hostname="DESKTOP-GDNTK1R" time="0.012">
  <properties/>
  <testcase name="profile은_인증없이_호출된다" classname="com.web.project.springboot.Controller.ProfileControllerTest" time="0.012"/>
  <system-out><![CDATA[2021-10-06 23:17:57.765  INFO 16164 --- [    Test worker] .b.t.c.SpringBootTestContextBootstrapper : Neither @ContextConfiguration nor @ContextHierarchy found for test class [com.web.project.springboot.Controller.ProfileControllerTest], using SpringBootContextLoader
2021-10-06 23:17:57.766  INFO 16164 --- [    Test worker] o.s.t.c.support.AbstractContextLoader    : Could not detect default resource locations for test class [com.web.project.springboot.Controller.ProfileControllerTest]: no resource found for suffixes {-context.xml, Context.groovy}.
2021-10-06 23:17:57.766  INFO 16164 --- [    Test worker] t.c.s.AnnotationConfigContextLoaderUtils : Could not detect default configuration classes for test class [com.web.project.springboot.Controller.ProfileControllerTest]: ProfileControllerTest does not declare any static, non-private, non-final, nested classes annotated with @Configuration.
2021-10-06 23:17:57.767  INFO 16164 --- [    Test worker] .b.t.c.SpringBootTestContextBootstrapper : Found @SpringBootConfiguration com.web.project.springboot.Application for test class com.web.project.springboot.Controller.ProfileControllerTest
2021-10-06 23:17:57.768  INFO 16164 --- [    Test worker] .b.t.c.SpringBootTestContextBootstrapper : Loaded default TestExecutionListener class names from location [META-INF/spring.factories]: [org.springframework.security.test.context.support.WithSecurityContextTestExecutionListener, org.springframework.security.test.context.support.ReactorContextTestExecutionListener, org.springframework.boot.test.autoconfigure.restdocs.RestDocsTestExecutionListener, org.springframework.boot.test.autoconfigure.web.client.MockRestServiceServerResetTestExecutionListener, org.springframework.boot.test.autoconfigure.web.servlet.MockMvcPrintOnlyOnFailureTestExecutionListener, org.springframework.boot.test.autoconfigure.web.servlet.WebDriverTestExecutionListener, org.springframework.boot.test.mock.mockito.MockitoTestExecutionListener, org.springframework.boot.test.mock.mockito.ResetMocksTestExecutionListener, org.springframework.test.context.web.ServletTestExecutionListener, org.springframework.test.context.support.DirtiesContextBeforeModesTestExecutionListener, org.springframework.test.context.support.DependencyInjectionTestExecutionListener, org.springframework.test.context.support.DirtiesContextTestExecutionListener, org.springframework.test.context.transaction.TransactionalTestExecutionListener, org.springframework.test.context.jdbc.SqlScriptsTestExecutionListener]
2021-10-06 23:17:57.770  INFO 16164 --- [    Test worker] .b.t.c.SpringBootTestContextBootstrapper : Using TestExecutionListeners: [org.springframework.test.context.web.ServletTestExecutionListener@2a5820b0, org.springframework.test.context.support.DirtiesContextBeforeModesTestExecutionListener@fc9cc59, org.springframework.boot.test.mock.mockito.MockitoTestExecutionListener@883e9ae, org.springframework.boot.test.autoconfigure.SpringBootDependencyInjectionTestExecutionListener@6cf19b13, org.springframework.test.context.support.DirtiesContextTestExecutionListener@7c77b9d, org.springframework.test.context.transaction.TransactionalTestExecutionListener@462dc438, org.springframework.test.context.jdbc.SqlScriptsTestExecutionListener@51f48bca, org.springframework.security.test.context.support.WithSecurityContextTestExecutionListener@31bdbbe4, org.springframework.security.test.context.support.ReactorContextTestExecutionListener@d1a25dd, org.springframework.boot.test.autoconfigure.restdocs.RestDocsTestExecutionListener@25be2c42, org.springframework.boot.test.autoconfigure.web.client.MockRestServiceServerResetTestExecutionListener@506149e4, org.springframework.boot.test.autoconfigure.web.servlet.MockMvcPrintOnlyOnFailureTestExecutionListener@c5faa97, org.springframework.boot.test.autoconfigure.web.servlet.WebDriverTestExecutionListener@50b7420c, org.springframework.boot.test.mock.mockito.ResetMocksTestExecutionListener@43fa864]
]]></system-out>
  <system-err><![CDATA[]]></system-err>
</testsuite>
