<?xml version="1.0" encoding="UTF-8"?>
<testsuite name="com.web.project.springboot.Controller.ProfileControllerTest" tests="1" skipped="0" failures="0" errors="0" timestamp="2021-10-07T13:04:59" hostname="DESKTOP-GDNTK1R" time="0.333">
  <properties/>
  <testcase name="profile은_인증없이_호출된다" classname="com.web.project.springboot.Controller.ProfileControllerTest" time="0.333"/>
  <system-out><![CDATA[22:04:52.964 [Test worker] DEBUG org.springframework.test.context.junit4.SpringJUnit4ClassRunner - SpringJUnit4ClassRunner constructor called with [class com.web.project.springboot.Controller.ProfileControllerTest]
22:04:52.972 [Test worker] DEBUG org.springframework.test.context.BootstrapUtils - Instantiating CacheAwareContextLoaderDelegate from class [org.springframework.test.context.cache.DefaultCacheAwareContextLoaderDelegate]
22:04:52.980 [Test worker] DEBUG org.springframework.test.context.BootstrapUtils - Instantiating BootstrapContext using constructor [public org.springframework.test.context.support.DefaultBootstrapContext(java.lang.Class,org.springframework.test.context.CacheAwareContextLoaderDelegate)]
22:04:52.996 [Test worker] DEBUG org.springframework.test.context.BootstrapUtils - Instantiating TestContextBootstrapper for test class [com.web.project.springboot.Controller.ProfileControllerTest] from class [org.springframework.boot.test.context.SpringBootTestContextBootstrapper]
22:04:53.009 [Test worker] INFO org.springframework.boot.test.context.SpringBootTestContextBootstrapper - Neither @ContextConfiguration nor @ContextHierarchy found for test class [com.web.project.springboot.Controller.ProfileControllerTest], using SpringBootContextLoader
22:04:53.013 [Test worker] DEBUG org.springframework.test.context.support.AbstractContextLoader - Did not detect default resource location for test class [com.web.project.springboot.Controller.ProfileControllerTest]: class path resource [com/web/project/springboot/Controller/ProfileControllerTest-context.xml] does not exist
22:04:53.013 [Test worker] DEBUG org.springframework.test.context.support.AbstractContextLoader - Did not detect default resource location for test class [com.web.project.springboot.Controller.ProfileControllerTest]: class path resource [com/web/project/springboot/Controller/ProfileControllerTestContext.groovy] does not exist
22:04:53.013 [Test worker] INFO org.springframework.test.context.support.AbstractContextLoader - Could not detect default resource locations for test class [com.web.project.springboot.Controller.ProfileControllerTest]: no resource found for suffixes {-context.xml, Context.groovy}.
22:04:53.014 [Test worker] INFO org.springframework.test.context.support.AnnotationConfigContextLoaderUtils - Could not detect default configuration classes for test class [com.web.project.springboot.Controller.ProfileControllerTest]: ProfileControllerTest does not declare any static, non-private, non-final, nested classes annotated with @Configuration.
22:04:53.054 [Test worker] DEBUG org.springframework.test.context.support.ActiveProfilesUtils - Could not find an 'annotation declaring class' for annotation type [org.springframework.test.context.ActiveProfiles] and class [com.web.project.springboot.Controller.ProfileControllerTest]
22:04:53.152 [Test worker] DEBUG org.springframework.context.annotation.ClassPathScanningCandidateComponentProvider - Identified candidate component class: file [C:\springboot-project\build\classes\java\main\com\web\project\springboot\Application.class]
22:04:53.154 [Test worker] INFO org.springframework.boot.test.context.SpringBootTestContextBootstrapper - Found @SpringBootConfiguration com.web.project.springboot.Application for test class com.web.project.springboot.Controller.ProfileControllerTest
22:04:53.258 [Test worker] DEBUG org.springframework.boot.test.context.SpringBootTestContextBootstrapper - @TestExecutionListeners is not present for class [com.web.project.springboot.Controller.ProfileControllerTest]: using defaults.
22:04:53.258 [Test worker] INFO org.springframework.boot.test.context.SpringBootTestContextBootstrapper - Loaded default TestExecutionListener class names from location [META-INF/spring.factories]: [org.springframework.security.test.context.support.WithSecurityContextTestExecutionListener, org.springframework.security.test.context.support.ReactorContextTestExecutionListener, org.springframework.boot.test.autoconfigure.restdocs.RestDocsTestExecutionListener, org.springframework.boot.test.autoconfigure.web.client.MockRestServiceServerResetTestExecutionListener, org.springframework.boot.test.autoconfigure.web.servlet.MockMvcPrintOnlyOnFailureTestExecutionListener, org.springframework.boot.test.autoconfigure.web.servlet.WebDriverTestExecutionListener, org.springframework.boot.test.mock.mockito.MockitoTestExecutionListener, org.springframework.boot.test.mock.mockito.ResetMocksTestExecutionListener, org.springframework.test.context.web.ServletTestExecutionListener, org.springframework.test.context.support.DirtiesContextBeforeModesTestExecutionListener, org.springframework.test.context.support.DependencyInjectionTestExecutionListener, org.springframework.test.context.support.DirtiesContextTestExecutionListener, org.springframework.test.context.transaction.TransactionalTestExecutionListener, org.springframework.test.context.jdbc.SqlScriptsTestExecutionListener]
22:04:53.288 [Test worker] INFO org.springframework.boot.test.context.SpringBootTestContextBootstrapper - Using TestExecutionListeners: [org.springframework.test.context.web.ServletTestExecutionListener@1b22710f, org.springframework.test.context.support.DirtiesContextBeforeModesTestExecutionListener@74b2bcb1, org.springframework.boot.test.mock.mockito.MockitoTestExecutionListener@38172291, org.springframework.boot.test.autoconfigure.SpringBootDependencyInjectionTestExecutionListener@62ef784f, org.springframework.test.context.support.DirtiesContextTestExecutionListener@6a4dc714, org.springframework.test.context.transaction.TransactionalTestExecutionListener@bfbb9d8, org.springframework.test.context.jdbc.SqlScriptsTestExecutionListener@af9119c, org.springframework.security.test.context.support.WithSecurityContextTestExecutionListener@134d3d8c, org.springframework.security.test.context.support.ReactorContextTestExecutionListener@17bc3d96, org.springframework.boot.test.autoconfigure.restdocs.RestDocsTestExecutionListener@415f73c0, org.springframework.boot.test.autoconfigure.web.client.MockRestServiceServerResetTestExecutionListener@3e8ef86, org.springframework.boot.test.autoconfigure.web.servlet.MockMvcPrintOnlyOnFailureTestExecutionListener@79b3132a, org.springframework.boot.test.autoconfigure.web.servlet.WebDriverTestExecutionListener@f15d107, org.springframework.boot.test.mock.mockito.ResetMocksTestExecutionListener@35ee6256]
22:04:53.290 [Test worker] DEBUG org.springframework.test.annotation.ProfileValueUtils - Retrieved @ProfileValueSourceConfiguration [null] for test class [com.web.project.springboot.Controller.ProfileControllerTest]
22:04:53.291 [Test worker] DEBUG org.springframework.test.annotation.ProfileValueUtils - Retrieved ProfileValueSource type [class org.springframework.test.annotation.SystemProfileValueSource] for class [com.web.project.springboot.Controller.ProfileControllerTest]
22:04:53.294 [Test worker] DEBUG org.springframework.test.annotation.ProfileValueUtils - Retrieved @ProfileValueSourceConfiguration [null] for test class [com.web.project.springboot.Controller.ProfileControllerTest]
22:04:53.294 [Test worker] DEBUG org.springframework.test.annotation.ProfileValueUtils - Retrieved ProfileValueSource type [class org.springframework.test.annotation.SystemProfileValueSource] for class [com.web.project.springboot.Controller.ProfileControllerTest]
22:04:53.295 [Test worker] DEBUG org.springframework.test.annotation.ProfileValueUtils - Retrieved @ProfileValueSourceConfiguration [null] for test class [com.web.project.springboot.Controller.ProfileControllerTest]
22:04:53.295 [Test worker] DEBUG org.springframework.test.annotation.ProfileValueUtils - Retrieved ProfileValueSource type [class org.springframework.test.annotation.SystemProfileValueSource] for class [com.web.project.springboot.Controller.ProfileControllerTest]
22:04:53.299 [Test worker] DEBUG org.springframework.test.context.support.AbstractDirtiesContextTestExecutionListener - Before test class: context [DefaultTestContext@3f64bcc testClass = ProfileControllerTest, testInstance = [null], testMethod = [null], testException = [null], mergedContextConfiguration = [WebMergedContextConfiguration@5f9f2744 testClass = ProfileControllerTest, locations = '{}', classes = '{class com.web.project.springboot.Application}', contextInitializerClasses = '[]', activeProfiles = '{}', propertySourceLocations = '{}', propertySourceProperties = '{org.springframework.boot.test.context.SpringBootTestContextBootstrapper=true, server.port=0}', contextCustomizers = set[org.springframework.boot.test.autoconfigure.properties.PropertyMappingContextCustomizer@0, org.springframework.boot.test.autoconfigure.web.servlet.WebDriverContextCustomizerFactory$Customizer@4bffe584, org.springframework.boot.test.context.filter.ExcludeFilterContextCustomizer@4eb004ff, org.springframework.boot.test.json.DuplicateJsonObjectContextCustomizerFactory$DuplicateJsonObjectContextCustomizer@11bea79c, org.springframework.boot.test.mock.mockito.MockitoContextCustomizer@0, org.springframework.boot.test.web.client.TestRestTemplateContextCustomizer@7a20aedb], resourceBasePath = 'src/main/webapp', contextLoader = 'org.springframework.boot.test.context.SpringBootContextLoader', parent = [null]], attributes = map['org.springframework.test.context.web.ServletTestExecutionListener.activateListener' -> false]], class annotated with @DirtiesContext [false] with mode [null].
22:04:53.300 [Test worker] DEBUG org.springframework.test.annotation.ProfileValueUtils - Retrieved @ProfileValueSourceConfiguration [null] for test class [com.web.project.springboot.Controller.ProfileControllerTest]
22:04:53.300 [Test worker] DEBUG org.springframework.test.annotation.ProfileValueUtils - Retrieved ProfileValueSource type [class org.springframework.test.annotation.SystemProfileValueSource] for class [com.web.project.springboot.Controller.ProfileControllerTest]
22:04:53.304 [Test worker] DEBUG org.springframework.test.context.support.DependencyInjectionTestExecutionListener - Performing dependency injection for test context [[DefaultTestContext@3f64bcc testClass = ProfileControllerTest, testInstance = com.web.project.springboot.Controller.ProfileControllerTest@51fab563, testMethod = [null], testException = [null], mergedContextConfiguration = [WebMergedContextConfiguration@5f9f2744 testClass = ProfileControllerTest, locations = '{}', classes = '{class com.web.project.springboot.Application}', contextInitializerClasses = '[]', activeProfiles = '{}', propertySourceLocations = '{}', propertySourceProperties = '{org.springframework.boot.test.context.SpringBootTestContextBootstrapper=true, server.port=0}', contextCustomizers = set[org.springframework.boot.test.autoconfigure.properties.PropertyMappingContextCustomizer@0, org.springframework.boot.test.autoconfigure.web.servlet.WebDriverContextCustomizerFactory$Customizer@4bffe584, org.springframework.boot.test.context.filter.ExcludeFilterContextCustomizer@4eb004ff, org.springframework.boot.test.json.DuplicateJsonObjectContextCustomizerFactory$DuplicateJsonObjectContextCustomizer@11bea79c, org.springframework.boot.test.mock.mockito.MockitoContextCustomizer@0, org.springframework.boot.test.web.client.TestRestTemplateContextCustomizer@7a20aedb], resourceBasePath = 'src/main/webapp', contextLoader = 'org.springframework.boot.test.context.SpringBootContextLoader', parent = [null]], attributes = map['org.springframework.test.context.web.ServletTestExecutionListener.activateListener' -> false]]].
22:04:53.324 [Test worker] DEBUG org.springframework.test.context.support.TestPropertySourceUtils - Adding inlined properties to environment: {spring.jmx.enabled=false, org.springframework.boot.test.context.SpringBootTestContextBootstrapper=true, server.port=0}

  .   ____          _            __ _ _
 /\\ / ___'_ __ _ _(_)_ __  __ _ \ \ \ \
( ( )\___ | '_ | '_| | '_ \/ _` | \ \ \ \
 \\/  ___)| |_)| | | | | || (_| |  ) ) ) )
  '  |____| .__|_| |_|_| |_\__, | / / / /
 =========|_|==============|___/=/_/_/_/
 :: Spring Boot ::        (v2.1.9.RELEASE)

2021-10-07 22:04:53.563  INFO 5856 --- [    Test worker] c.w.p.s.C.ProfileControllerTest          : Starting ProfileControllerTest on DESKTOP-GDNTK1R with PID 5856 (started by tkznf in C:\springboot-project)
2021-10-07 22:04:53.565  INFO 5856 --- [    Test worker] c.w.p.s.C.ProfileControllerTest          : No active profile set, falling back to default profiles: default
2021-10-07 22:04:54.320  INFO 5856 --- [    Test worker] .s.d.r.c.RepositoryConfigurationDelegate : Bootstrapping Spring Data repositories in DEFAULT mode.
2021-10-07 22:04:54.405  INFO 5856 --- [    Test worker] .s.d.r.c.RepositoryConfigurationDelegate : Finished Spring Data repository scanning in 76ms. Found 2 repository interfaces.
2021-10-07 22:04:54.880  INFO 5856 --- [    Test worker] trationDelegate$BeanPostProcessorChecker : Bean 'org.springframework.transaction.annotation.ProxyTransactionManagementConfiguration' of type [org.springframework.transaction.annotation.ProxyTransactionManagementConfiguration$$EnhancerBySpringCGLIB$$eafe07b4] is not eligible for getting processed by all BeanPostProcessors (for example: not eligible for auto-proxying)
2021-10-07 22:04:55.267  INFO 5856 --- [    Test worker] o.s.b.w.embedded.tomcat.TomcatWebServer  : Tomcat initialized with port(s): 0 (http)
2021-10-07 22:04:55.291  INFO 5856 --- [    Test worker] o.apache.catalina.core.StandardService   : Starting service [Tomcat]
2021-10-07 22:04:55.292  INFO 5856 --- [    Test worker] org.apache.catalina.core.StandardEngine  : Starting Servlet engine: [Apache Tomcat/9.0.26]
2021-10-07 22:04:55.445  INFO 5856 --- [    Test worker] o.a.c.c.C.[Tomcat].[localhost].[/]       : Initializing Spring embedded WebApplicationContext
2021-10-07 22:04:55.445  INFO 5856 --- [    Test worker] o.s.web.context.ContextLoader            : Root WebApplicationContext: initialization completed in 1860 ms
2021-10-07 22:04:55.721  INFO 5856 --- [    Test worker] com.zaxxer.hikari.HikariDataSource       : HikariPool-1 - Starting...
2021-10-07 22:04:55.899  INFO 5856 --- [    Test worker] com.zaxxer.hikari.HikariDataSource       : HikariPool-1 - Start completed.
2021-10-07 22:04:56.010  INFO 5856 --- [    Test worker] o.hibernate.jpa.internal.util.LogHelper  : HHH000204: Processing PersistenceUnitInfo [
	name: default
	...]
2021-10-07 22:04:56.107  INFO 5856 --- [    Test worker] org.hibernate.Version                    : HHH000412: Hibernate Core {5.3.12.Final}
2021-10-07 22:04:56.110  INFO 5856 --- [    Test worker] org.hibernate.cfg.Environment            : HHH000206: hibernate.properties not found
2021-10-07 22:04:56.345  INFO 5856 --- [    Test worker] o.hibernate.annotations.common.Version   : HCANN000001: Hibernate Commons Annotations {5.0.4.Final}
2021-10-07 22:04:56.564  INFO 5856 --- [    Test worker] org.hibernate.dialect.Dialect            : HHH000400: Using dialect: org.hibernate.dialect.H2Dialect
Hibernate: drop table posts if exists
Hibernate: drop table user if exists
Hibernate: create table posts (id bigint generated by default as identity, create_date timestamp, modified_date timestamp, author varchar(255), content TEXT not null, title varchar(500) not null, primary key (id))
Hibernate: create table user (id bigint generated by default as identity, create_date timestamp, modified_date timestamp, email varchar(255) not null, name varchar(255) not null, picture varchar(255), role varchar(255) not null, primary key (id))
2021-10-07 22:04:57.363  INFO 5856 --- [    Test worker] o.h.t.schema.internal.SchemaCreatorImpl  : HHH000476: Executing import script 'org.hibernate.tool.schema.internal.exec.ScriptSourceInputNonExistentImpl@53029e72'
2021-10-07 22:04:57.367  INFO 5856 --- [    Test worker] j.LocalContainerEntityManagerFactoryBean : Initialized JPA EntityManagerFactory for persistence unit 'default'
2021-10-07 22:04:58.079  INFO 5856 --- [    Test worker] o.h.h.i.QueryTranslatorFactoryInitiator  : HHH000397: Using ASTQueryTranslatorFactory
2021-10-07 22:04:58.839  INFO 5856 --- [    Test worker] o.s.s.web.DefaultSecurityFilterChain     : Creating filter chain: any request, [org.springframework.security.web.context.request.async.WebAsyncManagerIntegrationFilter@23654a4a, org.springframework.security.web.context.SecurityContextPersistenceFilter@62971120, org.springframework.security.web.header.HeaderWriterFilter@677880b5, org.springframework.security.web.authentication.logout.LogoutFilter@7d30b332, org.springframework.security.oauth2.client.web.OAuth2AuthorizationRequestRedirectFilter@230e3280, org.springframework.security.oauth2.client.web.OAuth2LoginAuthenticationFilter@7db194d0, org.springframework.security.web.authentication.ui.DefaultLoginPageGeneratingFilter@56b9d691, org.springframework.security.web.authentication.ui.DefaultLogoutPageGeneratingFilter@4099b0f, org.springframework.security.web.savedrequest.RequestCacheAwareFilter@bcb3103, org.springframework.security.web.servletapi.SecurityContextHolderAwareRequestFilter@30624cc6, org.springframework.security.web.authentication.AnonymousAuthenticationFilter@5425d5f9, org.springframework.security.web.session.SessionManagementFilter@3ec7d676, org.springframework.security.web.access.ExceptionTranslationFilter@4e8fa76c, org.springframework.security.web.access.intercept.FilterSecurityInterceptor@6a79abb]
2021-10-07 22:04:59.244  INFO 5856 --- [    Test worker] o.s.s.concurrent.ThreadPoolTaskExecutor  : Initializing ExecutorService 'applicationTaskExecutor'
2021-10-07 22:04:59.308  WARN 5856 --- [    Test worker] aWebConfiguration$JpaWebMvcConfiguration : spring.jpa.open-in-view is enabled by default. Therefore, database queries may be performed during view rendering. Explicitly configure spring.jpa.open-in-view to disable this warning
2021-10-07 22:04:59.358  INFO 5856 --- [    Test worker] o.s.b.a.w.s.WelcomePageHandlerMapping    : Adding welcome page template: index
2021-10-07 22:04:59.805  INFO 5856 --- [    Test worker] s.a.ScheduledAnnotationBeanPostProcessor : No TaskScheduler/ScheduledExecutorService bean found for scheduled processing
2021-10-07 22:04:59.831  INFO 5856 --- [    Test worker] o.s.b.w.embedded.tomcat.TomcatWebServer  : Tomcat started on port(s): 7140 (http) with context path ''
2021-10-07 22:04:59.832  INFO 5856 --- [    Test worker] c.w.p.s.C.ProfileControllerTest          : Started ProfileControllerTest in 6.507 seconds (JVM running for 8.072)
2021-10-07 22:04:59.987  INFO 5856 --- [o-auto-1-exec-1] o.a.c.c.C.[Tomcat].[localhost].[/]       : Initializing Spring DispatcherServlet 'dispatcherServlet'
2021-10-07 22:04:59.987  INFO 5856 --- [o-auto-1-exec-1] o.s.web.servlet.DispatcherServlet        : Initializing Servlet 'dispatcherServlet'
2021-10-07 22:05:00.010  INFO 5856 --- [o-auto-1-exec-1] o.s.web.servlet.DispatcherServlet        : Completed initialization in 23 ms
]]></system-out>
  <system-err><![CDATA[]]></system-err>
</testsuite>
