<?xml version="1.0" encoding="UTF-8"?>
<testsuite name="com.web.project.springboot.Controller.PostsApiControllerTest" tests="2" skipped="0" failures="0" errors="0" timestamp="2021-09-15T15:11:34" hostname="DESKTOP-GDNTK1R" time="0.214">
  <properties/>
  <testcase name="Posts_등록된다" classname="com.web.project.springboot.Controller.PostsApiControllerTest" time="0.19"/>
  <testcase name="Posts_수정된다" classname="com.web.project.springboot.Controller.PostsApiControllerTest" time="0.023"/>
  <system-out><![CDATA[2021-09-16 00:11:34.514  INFO 25176 --- [    Test worker] .b.t.c.SpringBootTestContextBootstrapper : Neither @ContextConfiguration nor @ContextHierarchy found for test class [com.web.project.springboot.Controller.PostsApiControllerTest], using SpringBootContextLoader
2021-09-16 00:11:34.515  INFO 25176 --- [    Test worker] o.s.t.c.support.AbstractContextLoader    : Could not detect default resource locations for test class [com.web.project.springboot.Controller.PostsApiControllerTest]: no resource found for suffixes {-context.xml, Context.groovy}.
2021-09-16 00:11:34.516  INFO 25176 --- [    Test worker] t.c.s.AnnotationConfigContextLoaderUtils : Could not detect default configuration classes for test class [com.web.project.springboot.Controller.PostsApiControllerTest]: PostsApiControllerTest does not declare any static, non-private, non-final, nested classes annotated with @Configuration.
2021-09-16 00:11:34.517  INFO 25176 --- [    Test worker] .b.t.c.SpringBootTestContextBootstrapper : Found @SpringBootConfiguration com.web.project.springboot.Application for test class com.web.project.springboot.Controller.PostsApiControllerTest
2021-09-16 00:11:34.519  INFO 25176 --- [    Test worker] .b.t.c.SpringBootTestContextBootstrapper : Loaded default TestExecutionListener class names from location [META-INF/spring.factories]: [org.springframework.security.test.context.support.WithSecurityContextTestExecutionListener, org.springframework.security.test.context.support.ReactorContextTestExecutionListener, org.springframework.boot.test.autoconfigure.restdocs.RestDocsTestExecutionListener, org.springframework.boot.test.autoconfigure.web.client.MockRestServiceServerResetTestExecutionListener, org.springframework.boot.test.autoconfigure.web.servlet.MockMvcPrintOnlyOnFailureTestExecutionListener, org.springframework.boot.test.autoconfigure.web.servlet.WebDriverTestExecutionListener, org.springframework.boot.test.mock.mockito.MockitoTestExecutionListener, org.springframework.boot.test.mock.mockito.ResetMocksTestExecutionListener, org.springframework.test.context.web.ServletTestExecutionListener, org.springframework.test.context.support.DirtiesContextBeforeModesTestExecutionListener, org.springframework.test.context.support.DependencyInjectionTestExecutionListener, org.springframework.test.context.support.DirtiesContextTestExecutionListener, org.springframework.test.context.transaction.TransactionalTestExecutionListener, org.springframework.test.context.jdbc.SqlScriptsTestExecutionListener]
2021-09-16 00:11:34.520  INFO 25176 --- [    Test worker] .b.t.c.SpringBootTestContextBootstrapper : Using TestExecutionListeners: [org.springframework.test.context.web.ServletTestExecutionListener@6f3fd809, org.springframework.test.context.support.DirtiesContextBeforeModesTestExecutionListener@2920b27c, org.springframework.boot.test.mock.mockito.MockitoTestExecutionListener@277ffe02, org.springframework.boot.test.autoconfigure.SpringBootDependencyInjectionTestExecutionListener@52b3350d, org.springframework.test.context.support.DirtiesContextTestExecutionListener@43dd40c2, org.springframework.test.context.transaction.TransactionalTestExecutionListener@6fc2a997, org.springframework.test.context.jdbc.SqlScriptsTestExecutionListener@3715d583, org.springframework.security.test.context.support.WithSecurityContextTestExecutionListener@7c458531, org.springframework.security.test.context.support.ReactorContextTestExecutionListener@5537112b, org.springframework.boot.test.autoconfigure.restdocs.RestDocsTestExecutionListener@2f43840b, org.springframework.boot.test.autoconfigure.web.client.MockRestServiceServerResetTestExecutionListener@36e3e5ad, org.springframework.boot.test.autoconfigure.web.servlet.MockMvcPrintOnlyOnFailureTestExecutionListener@665f924d, org.springframework.boot.test.autoconfigure.web.servlet.WebDriverTestExecutionListener@b0c69e4, org.springframework.boot.test.mock.mockito.ResetMocksTestExecutionListener@38dcc752]
2021-09-16 00:11:34.532  INFO 25176 --- [    Test worker] o.a.c.c.C.[Tomcat].[localhost].[/]       : Initializing Spring TestDispatcherServlet ''
2021-09-16 00:11:34.532  INFO 25176 --- [    Test worker] o.s.t.web.servlet.TestDispatcherServlet  : Initializing Servlet ''
2021-09-16 00:11:34.534  INFO 25176 --- [    Test worker] o.s.t.web.servlet.TestDispatcherServlet  : Completed initialization in 2 ms
Hibernate: insert into posts (id, create_date, modified_date, author, content, title) values (null, ?, ?, ?, ?, ?)
Hibernate: select posts0_.id as id1_0_, posts0_.create_date as create_d2_0_, posts0_.modified_date as modified3_0_, posts0_.author as author4_0_, posts0_.content as content5_0_, posts0_.title as title6_0_ from posts posts0_
Hibernate: select posts0_.id as id1_0_, posts0_.create_date as create_d2_0_, posts0_.modified_date as modified3_0_, posts0_.author as author4_0_, posts0_.content as content5_0_, posts0_.title as title6_0_ from posts posts0_
Hibernate: delete from posts where id=?
2021-09-16 00:11:34.718  INFO 25176 --- [    Test worker] o.a.c.c.C.[Tomcat].[localhost].[/]       : Initializing Spring TestDispatcherServlet ''
2021-09-16 00:11:34.718  INFO 25176 --- [    Test worker] o.s.t.web.servlet.TestDispatcherServlet  : Initializing Servlet ''
2021-09-16 00:11:34.720  INFO 25176 --- [    Test worker] o.s.t.web.servlet.TestDispatcherServlet  : Completed initialization in 2 ms
Hibernate: insert into posts (id, create_date, modified_date, author, content, title) values (null, ?, ?, ?, ?, ?)
Hibernate: select posts0_.id as id1_0_0_, posts0_.create_date as create_d2_0_0_, posts0_.modified_date as modified3_0_0_, posts0_.author as author4_0_0_, posts0_.content as content5_0_0_, posts0_.title as title6_0_0_ from posts posts0_ where posts0_.id=?
Hibernate: update posts set create_date=?, modified_date=?, author=?, content=?, title=? where id=?
Hibernate: select posts0_.id as id1_0_, posts0_.create_date as create_d2_0_, posts0_.modified_date as modified3_0_, posts0_.author as author4_0_, posts0_.content as content5_0_, posts0_.title as title6_0_ from posts posts0_
Hibernate: select posts0_.id as id1_0_, posts0_.create_date as create_d2_0_, posts0_.modified_date as modified3_0_, posts0_.author as author4_0_, posts0_.content as content5_0_, posts0_.title as title6_0_ from posts posts0_
Hibernate: delete from posts where id=?
]]></system-out>
  <system-err><![CDATA[]]></system-err>
</testsuite>
