<?xml version="1.0" encoding="UTF-8"?>
<testsuite name="com.web.project.springboot.Controller.IndexControllerTest" tests="1" skipped="0" failures="0" errors="0" timestamp="2021-09-15T15:11:34" hostname="DESKTOP-GDNTK1R" time="0.26">
  <properties/>
  <testcase name="메인페이지_로딩" classname="com.web.project.springboot.Controller.IndexControllerTest" time="0.26"/>
  <system-out><![CDATA[2021-09-16 00:11:28.113  INFO 25176 --- [    Test worker] .b.t.c.SpringBootTestContextBootstrapper : Neither @ContextConfiguration nor @ContextHierarchy found for test class [com.web.project.springboot.Controller.IndexControllerTest], using SpringBootContextLoader
2021-09-16 00:11:28.114  INFO 25176 --- [    Test worker] o.s.t.c.support.AbstractContextLoader    : Could not detect default resource locations for test class [com.web.project.springboot.Controller.IndexControllerTest]: no resource found for suffixes {-context.xml, Context.groovy}.
2021-09-16 00:11:28.115  INFO 25176 --- [    Test worker] t.c.s.AnnotationConfigContextLoaderUtils : Could not detect default configuration classes for test class [com.web.project.springboot.Controller.IndexControllerTest]: IndexControllerTest does not declare any static, non-private, non-final, nested classes annotated with @Configuration.
2021-09-16 00:11:28.117  INFO 25176 --- [    Test worker] .b.t.c.SpringBootTestContextBootstrapper : Found @SpringBootConfiguration com.web.project.springboot.Application for test class com.web.project.springboot.Controller.IndexControllerTest
2021-09-16 00:11:28.118  INFO 25176 --- [    Test worker] .b.t.c.SpringBootTestContextBootstrapper : Loaded default TestExecutionListener class names from location [META-INF/spring.factories]: [org.springframework.security.test.context.support.WithSecurityContextTestExecutionListener, org.springframework.security.test.context.support.ReactorContextTestExecutionListener, org.springframework.boot.test.autoconfigure.restdocs.RestDocsTestExecutionListener, org.springframework.boot.test.autoconfigure.web.client.MockRestServiceServerResetTestExecutionListener, org.springframework.boot.test.autoconfigure.web.servlet.MockMvcPrintOnlyOnFailureTestExecutionListener, org.springframework.boot.test.autoconfigure.web.servlet.WebDriverTestExecutionListener, org.springframework.boot.test.mock.mockito.MockitoTestExecutionListener, org.springframework.boot.test.mock.mockito.ResetMocksTestExecutionListener, org.springframework.test.context.web.ServletTestExecutionListener, org.springframework.test.context.support.DirtiesContextBeforeModesTestExecutionListener, org.springframework.test.context.support.DependencyInjectionTestExecutionListener, org.springframework.test.context.support.DirtiesContextTestExecutionListener, org.springframework.test.context.transaction.TransactionalTestExecutionListener, org.springframework.test.context.jdbc.SqlScriptsTestExecutionListener]
2021-09-16 00:11:28.119  INFO 25176 --- [    Test worker] .b.t.c.SpringBootTestContextBootstrapper : Using TestExecutionListeners: [org.springframework.test.context.web.ServletTestExecutionListener@75541a17, org.springframework.test.context.support.DirtiesContextBeforeModesTestExecutionListener@86b5251, org.springframework.boot.test.mock.mockito.MockitoTestExecutionListener@1e5fbf74, org.springframework.boot.test.autoconfigure.SpringBootDependencyInjectionTestExecutionListener@58e5d5ea, org.springframework.test.context.support.DirtiesContextTestExecutionListener@db4e843, org.springframework.test.context.transaction.TransactionalTestExecutionListener@5f9fca7e, org.springframework.test.context.jdbc.SqlScriptsTestExecutionListener@3cd86ae6, org.springframework.security.test.context.support.WithSecurityContextTestExecutionListener@4a64a212, org.springframework.security.test.context.support.ReactorContextTestExecutionListener@6038bded, org.springframework.boot.test.autoconfigure.restdocs.RestDocsTestExecutionListener@41d547ae, org.springframework.boot.test.autoconfigure.web.client.MockRestServiceServerResetTestExecutionListener@3ea59a28, org.springframework.boot.test.autoconfigure.web.servlet.MockMvcPrintOnlyOnFailureTestExecutionListener@513ecbdc, org.springframework.boot.test.autoconfigure.web.servlet.WebDriverTestExecutionListener@744cc3c3, org.springframework.boot.test.mock.mockito.ResetMocksTestExecutionListener@1f4f02d3]

  .   ____          _            __ _ _
 /\\ / ___'_ __ _ _(_)_ __  __ _ \ \ \ \
( ( )\___ | '_ | '_| | '_ \/ _` | \ \ \ \
 \\/  ___)| |_)| | | | | || (_| |  ) ) ) )
  '  |____| .__|_| |_|_| |_\__, | / / / /
 =========|_|==============|___/=/_/_/_/
 :: Spring Boot ::        (v2.1.9.RELEASE)

2021-09-16 00:11:28.166  INFO 25176 --- [    Test worker] c.w.p.s.Controller.IndexControllerTest   : Starting IndexControllerTest on DESKTOP-GDNTK1R with PID 25176 (started by tkznf in C:\springboot-project)
2021-09-16 00:11:28.166  INFO 25176 --- [    Test worker] c.w.p.s.Controller.IndexControllerTest   : No active profile set, falling back to default profiles: default
2021-09-16 00:11:28.638  INFO 25176 --- [    Test worker] .s.d.r.c.RepositoryConfigurationDelegate : Bootstrapping Spring Data repositories in DEFAULT mode.
2021-09-16 00:11:28.718  INFO 25176 --- [    Test worker] .s.d.r.c.RepositoryConfigurationDelegate : Finished Spring Data repository scanning in 68ms. Found 2 repository interfaces.
2021-09-16 00:11:29.000  INFO 25176 --- [    Test worker] trationDelegate$BeanPostProcessorChecker : Bean 'org.springframework.transaction.annotation.ProxyTransactionManagementConfiguration' of type [org.springframework.transaction.annotation.ProxyTransactionManagementConfiguration$$EnhancerBySpringCGLIB$$45cc1a5] is not eligible for getting processed by all BeanPostProcessors (for example: not eligible for auto-proxying)
2021-09-16 00:11:29.426  INFO 25176 --- [    Test worker] o.s.b.w.embedded.tomcat.TomcatWebServer  : Tomcat initialized with port(s): 0 (http)
2021-09-16 00:11:29.458  INFO 25176 --- [    Test worker] o.apache.catalina.core.StandardService   : Starting service [Tomcat]
2021-09-16 00:11:29.458  INFO 25176 --- [    Test worker] org.apache.catalina.core.StandardEngine  : Starting Servlet engine: [Apache Tomcat/9.0.26]
2021-09-16 00:11:29.657  INFO 25176 --- [    Test worker] o.a.c.c.C.[Tomcat].[localhost].[/]       : Initializing Spring embedded WebApplicationContext
2021-09-16 00:11:29.657  INFO 25176 --- [    Test worker] o.s.web.context.ContextLoader            : Root WebApplicationContext: initialization completed in 1487 ms
2021-09-16 00:11:30.030  INFO 25176 --- [    Test worker] com.zaxxer.hikari.HikariDataSource       : HikariPool-1 - Starting...
2021-09-16 00:11:30.303  INFO 25176 --- [    Test worker] com.zaxxer.hikari.HikariDataSource       : HikariPool-1 - Start completed.
2021-09-16 00:11:30.459  INFO 25176 --- [    Test worker] o.hibernate.jpa.internal.util.LogHelper  : HHH000204: Processing PersistenceUnitInfo [
	name: default
	...]
2021-09-16 00:11:30.598  INFO 25176 --- [    Test worker] org.hibernate.Version                    : HHH000412: Hibernate Core {5.3.12.Final}
2021-09-16 00:11:30.602  INFO 25176 --- [    Test worker] org.hibernate.cfg.Environment            : HHH000206: hibernate.properties not found
2021-09-16 00:11:30.694  INFO 25176 --- [    Test worker] o.hibernate.annotations.common.Version   : HCANN000001: Hibernate Commons Annotations {5.0.4.Final}
2021-09-16 00:11:30.993  INFO 25176 --- [    Test worker] org.hibernate.dialect.Dialect            : HHH000400: Using dialect: org.hibernate.dialect.H2Dialect
Hibernate: drop table posts if exists
Hibernate: drop table user if exists
Hibernate: create table posts (id bigint generated by default as identity, create_date timestamp, modified_date timestamp, author varchar(255), content TEXT not null, title varchar(500) not null, primary key (id))
Hibernate: create table user (id bigint generated by default as identity, create_date timestamp, modified_date timestamp, email varchar(255) not null, name varchar(255) not null, picture varchar(255), role varchar(255) not null, primary key (id))
2021-09-16 00:11:32.139  INFO 25176 --- [    Test worker] o.h.t.schema.internal.SchemaCreatorImpl  : HHH000476: Executing import script 'org.hibernate.tool.schema.internal.exec.ScriptSourceInputNonExistentImpl@4bbadbee'
2021-09-16 00:11:32.143  INFO 25176 --- [    Test worker] j.LocalContainerEntityManagerFactoryBean : Initialized JPA EntityManagerFactory for persistence unit 'default'
2021-09-16 00:11:32.710  INFO 25176 --- [    Test worker] o.h.h.i.QueryTranslatorFactoryInitiator  : HHH000397: Using ASTQueryTranslatorFactory
2021-09-16 00:11:33.450  INFO 25176 --- [    Test worker] o.s.s.web.DefaultSecurityFilterChain     : Creating filter chain: any request, [org.springframework.security.web.context.request.async.WebAsyncManagerIntegrationFilter@7d23e9c6, org.springframework.security.web.context.SecurityContextPersistenceFilter@16b3d70b, org.springframework.security.web.header.HeaderWriterFilter@32bde703, org.springframework.security.web.authentication.logout.LogoutFilter@711a31e4, org.springframework.security.oauth2.client.web.OAuth2AuthorizationRequestRedirectFilter@247da4bc, org.springframework.security.oauth2.client.web.OAuth2LoginAuthenticationFilter@3ceb18cd, org.springframework.security.web.authentication.ui.DefaultLoginPageGeneratingFilter@7999ba53, org.springframework.security.web.authentication.ui.DefaultLogoutPageGeneratingFilter@350b7fd5, org.springframework.security.web.savedrequest.RequestCacheAwareFilter@4d837a81, org.springframework.security.web.servletapi.SecurityContextHolderAwareRequestFilter@105b09cd, org.springframework.security.web.authentication.AnonymousAuthenticationFilter@514234c9, org.springframework.security.web.session.SessionManagementFilter@12bf628f, org.springframework.security.web.access.ExceptionTranslationFilter@234f0498, org.springframework.security.web.access.intercept.FilterSecurityInterceptor@28e95b69]
2021-09-16 00:11:33.741  INFO 25176 --- [    Test worker] o.s.s.concurrent.ThreadPoolTaskExecutor  : Initializing ExecutorService 'applicationTaskExecutor'
2021-09-16 00:11:33.759  WARN 25176 --- [    Test worker] aWebConfiguration$JpaWebMvcConfiguration : spring.jpa.open-in-view is enabled by default. Therefore, database queries may be performed during view rendering. Explicitly configure spring.jpa.open-in-view to disable this warning
2021-09-16 00:11:33.795  INFO 25176 --- [    Test worker] o.s.b.a.w.s.WelcomePageHandlerMapping    : Adding welcome page template: index
2021-09-16 00:11:34.209  INFO 25176 --- [    Test worker] s.a.ScheduledAnnotationBeanPostProcessor : No TaskScheduler/ScheduledExecutorService bean found for scheduled processing
2021-09-16 00:11:34.243  INFO 25176 --- [    Test worker] o.s.b.w.embedded.tomcat.TomcatWebServer  : Tomcat started on port(s): 8372 (http) with context path ''
2021-09-16 00:11:34.244  INFO 25176 --- [    Test worker] c.w.p.s.Controller.IndexControllerTest   : Started IndexControllerTest in 6.123 seconds (JVM running for 11.08)
2021-09-16 00:11:34.358  INFO 25176 --- [o-auto-1-exec-1] o.a.c.c.C.[Tomcat].[localhost].[/]       : Initializing Spring DispatcherServlet 'dispatcherServlet'
2021-09-16 00:11:34.359  INFO 25176 --- [o-auto-1-exec-1] o.s.web.servlet.DispatcherServlet        : Initializing Servlet 'dispatcherServlet'
2021-09-16 00:11:34.387  INFO 25176 --- [o-auto-1-exec-1] o.s.web.servlet.DispatcherServlet        : Completed initialization in 28 ms
Hibernate: select posts0_.id as id1_0_, posts0_.create_date as create_d2_0_, posts0_.modified_date as modified3_0_, posts0_.author as author4_0_, posts0_.content as content5_0_, posts0_.title as title6_0_ from posts posts0_ order by posts0_.id DESC
]]></system-out>
  <system-err><![CDATA[]]></system-err>
</testsuite>
