<?xml version="1.0" encoding="UTF-8"?>
<testsuite name="com.web.project.springboot.Controller.ProfileControllerUnitTest" tests="3" skipped="0" failures="0" errors="0" timestamp="2021-10-06T14:17:57" hostname="DESKTOP-GDNTK1R" time="0.002">
  <properties/>
  <testcase name="real_profile이_없으면_첫_번째가_조회된다" classname="com.web.project.springboot.Controller.ProfileControllerUnitTest" time="0.002"/>
  <testcase name="active_profile_이_없으면_default가_조회된다" classname="com.web.project.springboot.Controller.ProfileControllerUnitTest" time="0.0"/>
  <testcase name="real_profile이_조회된다" classname="com.web.project.springboot.Controller.ProfileControllerUnitTest" time="0.0"/>
  <system-out><![CDATA[]]></system-out>
  <system-err><![CDATA[]]></system-err>
</testsuite>
